2025-08-27 11:07:28,935 [INFO] Starting new experiment: Group_Activity_Classifier_V1.0_20250827_110728
2025-08-27 11:07:28,937 [INFO] Using device: cuda. Seed: 42
2025-08-27 11:07:39,260 [INFO] Training dataset size: 2152
2025-08-27 11:07:39,261 [INFO] Validation dataset size: 1341
2025-08-27 11:07:39,262 [INFO] Starting training process
2025-08-27 11:07:39,263 [INFO] 
--- Epoch 1/30 ---
2025-08-27 11:07:40,264 [INFO] Epoch: 1 | Batch: 0/538 | Loss: 2.1169 | Acc: 25.00%
2025-08-27 11:07:49,071 [INFO] Epoch: 1 | Batch: 50/538 | Loss: 2.2732 | Acc: 10.29%
2025-08-27 11:07:57,923 [INFO] Epoch: 1 | Batch: 100/538 | Loss: 2.2781 | Acc: 14.85%
2025-08-27 11:08:07,000 [INFO] Epoch: 1 | Batch: 150/538 | Loss: 2.0076 | Acc: 15.40%
2025-08-27 11:08:15,657 [INFO] Epoch: 1 | Batch: 200/538 | Loss: 2.0928 | Acc: 16.17%
2025-08-27 11:08:24,418 [INFO] Epoch: 1 | Batch: 250/538 | Loss: 1.7849 | Acc: 17.83%
2025-08-27 11:08:33,847 [INFO] Epoch: 1 | Batch: 300/538 | Loss: 1.5078 | Acc: 19.19%
2025-08-27 11:08:42,484 [INFO] Epoch: 1 | Batch: 350/538 | Loss: 2.1501 | Acc: 20.37%
2025-08-27 11:08:51,097 [INFO] Epoch: 1 | Batch: 400/538 | Loss: 1.2266 | Acc: 21.20%
2025-08-27 11:08:59,794 [INFO] Epoch: 1 | Batch: 450/538 | Loss: 2.0786 | Acc: 22.01%
2025-08-27 11:09:08,940 [INFO] Epoch: 1 | Batch: 500/538 | Loss: 1.5889 | Acc: 23.35%
2025-08-27 11:09:15,645 [INFO] Epoch 1 | Train Loss: 1.9530 | Train Acc: 24.21%
2025-08-27 11:10:03,541 [INFO] Epoch 1 | Valid Loss: 1.3807 | Accuracy: 49.22% | F1 Score: 0.4761
2025-08-27 11:10:03,993 [INFO] New best validation accuracy: 49.22%! Saving model...
2025-08-27 11:10:04,991 [INFO] Current learning rate: 0.0001
2025-08-27 11:10:04,991 [INFO] 
--- Epoch 2/30 ---
2025-08-27 11:10:06,055 [INFO] Epoch: 2 | Batch: 0/538 | Loss: 1.7632 | Acc: 50.00%
2025-08-27 11:10:15,018 [INFO] Epoch: 2 | Batch: 50/538 | Loss: 1.8831 | Acc: 40.69%
2025-08-27 11:10:23,974 [INFO] Epoch: 2 | Batch: 100/538 | Loss: 3.1528 | Acc: 41.34%
2025-08-27 11:10:32,719 [INFO] Epoch: 2 | Batch: 150/538 | Loss: 1.4572 | Acc: 41.89%
2025-08-27 11:10:41,224 [INFO] Epoch: 2 | Batch: 200/538 | Loss: 1.2170 | Acc: 42.66%
2025-08-27 11:10:49,704 [INFO] Epoch: 2 | Batch: 250/538 | Loss: 1.3577 | Acc: 43.13%
2025-08-27 11:10:58,189 [INFO] Epoch: 2 | Batch: 300/538 | Loss: 1.6665 | Acc: 42.86%
2025-08-27 11:11:06,676 [INFO] Epoch: 2 | Batch: 350/538 | Loss: 2.3162 | Acc: 43.87%
2025-08-27 11:11:15,184 [INFO] Epoch: 2 | Batch: 400/538 | Loss: 1.6149 | Acc: 44.51%
2025-08-27 11:11:23,677 [INFO] Epoch: 2 | Batch: 450/538 | Loss: 1.8120 | Acc: 44.90%
2025-08-27 11:11:32,178 [INFO] Epoch: 2 | Batch: 500/538 | Loss: 1.1034 | Acc: 44.96%
2025-08-27 11:11:38,658 [INFO] Epoch 2 | Train Loss: 1.4237 | Train Acc: 45.59%
2025-08-27 11:12:23,655 [INFO] Epoch 2 | Valid Loss: 1.0830 | Accuracy: 62.04% | F1 Score: 0.6027
2025-08-27 11:12:24,093 [INFO] New best validation accuracy: 62.04%! Saving model...
2025-08-27 11:12:25,431 [INFO] Current learning rate: 0.0001
2025-08-27 11:12:25,432 [INFO] 
--- Epoch 3/30 ---
2025-08-27 11:12:26,373 [INFO] Epoch: 3 | Batch: 0/538 | Loss: 1.4219 | Acc: 50.00%
2025-08-27 11:12:35,025 [INFO] Epoch: 3 | Batch: 50/538 | Loss: 0.9929 | Acc: 57.84%
2025-08-27 11:12:43,531 [INFO] Epoch: 3 | Batch: 100/538 | Loss: 0.4764 | Acc: 59.41%
2025-08-27 11:12:52,004 [INFO] Epoch: 3 | Batch: 150/538 | Loss: 1.3214 | Acc: 58.77%
2025-08-27 11:13:00,488 [INFO] Epoch: 3 | Batch: 200/538 | Loss: 2.1912 | Acc: 57.96%
2025-08-27 11:13:08,972 [INFO] Epoch: 3 | Batch: 250/538 | Loss: 0.6184 | Acc: 57.37%
2025-08-27 11:13:17,495 [INFO] Epoch: 3 | Batch: 300/538 | Loss: 1.4196 | Acc: 57.14%
2025-08-27 11:13:25,982 [INFO] Epoch: 3 | Batch: 350/538 | Loss: 0.8492 | Acc: 57.91%
2025-08-27 11:13:34,504 [INFO] Epoch: 3 | Batch: 400/538 | Loss: 0.4470 | Acc: 57.86%
2025-08-27 11:13:43,021 [INFO] Epoch: 3 | Batch: 450/538 | Loss: 0.3555 | Acc: 58.37%
2025-08-27 11:13:51,734 [INFO] Epoch: 3 | Batch: 500/538 | Loss: 1.4154 | Acc: 58.88%
2025-08-27 11:13:58,131 [INFO] Epoch 3 | Train Loss: 1.1334 | Train Acc: 59.39%
2025-08-27 11:14:42,500 [INFO] Epoch 3 | Valid Loss: 1.0517 | Accuracy: 65.32% | F1 Score: 0.6506
2025-08-27 11:14:42,929 [INFO] New best validation accuracy: 65.32%! Saving model...
2025-08-27 11:14:44,245 [INFO] Current learning rate: 0.0001
2025-08-27 11:14:44,246 [INFO] 
--- Epoch 4/30 ---
2025-08-27 11:14:45,229 [INFO] Epoch: 4 | Batch: 0/538 | Loss: 0.9247 | Acc: 50.00%
2025-08-27 11:14:53,749 [INFO] Epoch: 4 | Batch: 50/538 | Loss: 2.0039 | Acc: 64.22%
2025-08-27 11:15:02,256 [INFO] Epoch: 4 | Batch: 100/538 | Loss: 1.8218 | Acc: 68.07%
2025-08-27 11:15:10,812 [INFO] Epoch: 4 | Batch: 150/538 | Loss: 0.4586 | Acc: 69.54%
2025-08-27 11:15:19,384 [INFO] Epoch: 4 | Batch: 200/538 | Loss: 0.3970 | Acc: 69.03%
2025-08-27 11:15:27,988 [INFO] Epoch: 4 | Batch: 250/538 | Loss: 0.2343 | Acc: 69.72%
2025-08-27 11:15:36,655 [INFO] Epoch: 4 | Batch: 300/538 | Loss: 0.6925 | Acc: 69.77%
2025-08-27 11:15:45,162 [INFO] Epoch: 4 | Batch: 350/538 | Loss: 1.4316 | Acc: 69.52%
2025-08-27 11:15:53,669 [INFO] Epoch: 4 | Batch: 400/538 | Loss: 0.8311 | Acc: 69.08%
2025-08-27 11:16:02,157 [INFO] Epoch: 4 | Batch: 450/538 | Loss: 1.7090 | Acc: 68.29%
2025-08-27 11:16:10,627 [INFO] Epoch: 4 | Batch: 500/538 | Loss: 0.9050 | Acc: 68.16%
2025-08-27 11:16:17,093 [INFO] Epoch 4 | Train Loss: 0.9326 | Train Acc: 68.59%
2025-08-27 11:17:02,661 [INFO] Epoch 4 | Valid Loss: 1.0778 | Accuracy: 64.65% | F1 Score: 0.6333
2025-08-27 11:17:03,569 [INFO] Current learning rate: 0.0001
2025-08-27 11:17:03,570 [INFO] 
--- Epoch 5/30 ---
2025-08-27 11:17:04,604 [INFO] Epoch: 5 | Batch: 0/538 | Loss: 0.3327 | Acc: 100.00%
2025-08-27 11:17:13,305 [INFO] Epoch: 5 | Batch: 50/538 | Loss: 1.3174 | Acc: 75.00%
2025-08-27 11:17:21,808 [INFO] Epoch: 5 | Batch: 100/538 | Loss: 0.5587 | Acc: 75.50%
2025-08-27 11:17:30,326 [INFO] Epoch: 5 | Batch: 150/538 | Loss: 0.5202 | Acc: 76.99%
2025-08-27 11:17:39,038 [INFO] Epoch: 5 | Batch: 200/538 | Loss: 0.2450 | Acc: 75.87%
2025-08-27 11:17:47,512 [INFO] Epoch: 5 | Batch: 250/538 | Loss: 0.6113 | Acc: 74.40%
2025-08-27 11:17:56,002 [INFO] Epoch: 5 | Batch: 300/538 | Loss: 0.2130 | Acc: 74.75%
2025-08-27 11:18:04,506 [INFO] Epoch: 5 | Batch: 350/538 | Loss: 1.6280 | Acc: 74.36%
2025-08-27 11:18:13,097 [INFO] Epoch: 5 | Batch: 400/538 | Loss: 0.7060 | Acc: 74.94%
2025-08-27 11:18:21,702 [INFO] Epoch: 5 | Batch: 450/538 | Loss: 0.8123 | Acc: 75.22%
2025-08-27 11:18:30,241 [INFO] Epoch: 5 | Batch: 500/538 | Loss: 3.0898 | Acc: 74.65%
2025-08-27 11:18:37,030 [INFO] Epoch 5 | Train Loss: 0.7537 | Train Acc: 74.67%
2025-08-27 11:19:23,149 [INFO] Epoch 5 | Valid Loss: 1.0349 | Accuracy: 67.71% | F1 Score: 0.6765
2025-08-27 11:19:23,587 [INFO] New best validation accuracy: 67.71%! Saving model...
2025-08-27 11:19:24,920 [INFO] Current learning rate: 0.0001
2025-08-27 11:19:24,921 [INFO] 
--- Epoch 6/30 ---
2025-08-27 11:19:25,893 [INFO] Epoch: 6 | Batch: 0/538 | Loss: 0.9292 | Acc: 50.00%
2025-08-27 11:19:34,580 [INFO] Epoch: 6 | Batch: 50/538 | Loss: 0.1755 | Acc: 80.39%
2025-08-27 11:19:43,141 [INFO] Epoch: 6 | Batch: 100/538 | Loss: 2.4604 | Acc: 78.47%
2025-08-27 11:19:51,646 [INFO] Epoch: 6 | Batch: 150/538 | Loss: 1.4288 | Acc: 77.32%
2025-08-27 11:20:00,185 [INFO] Epoch: 6 | Batch: 200/538 | Loss: 0.4333 | Acc: 77.61%
2025-08-27 11:20:08,877 [INFO] Epoch: 6 | Batch: 250/538 | Loss: 0.3246 | Acc: 78.19%
2025-08-27 11:20:17,423 [INFO] Epoch: 6 | Batch: 300/538 | Loss: 0.1777 | Acc: 78.32%
2025-08-27 11:20:25,960 [INFO] Epoch: 6 | Batch: 350/538 | Loss: 0.2758 | Acc: 78.77%
2025-08-27 11:20:34,430 [INFO] Epoch: 6 | Batch: 400/538 | Loss: 0.5984 | Acc: 78.55%
2025-08-27 11:20:42,925 [INFO] Epoch: 6 | Batch: 450/538 | Loss: 0.6146 | Acc: 78.55%
2025-08-27 11:20:51,434 [INFO] Epoch: 6 | Batch: 500/538 | Loss: 0.1184 | Acc: 78.19%
2025-08-27 11:20:58,313 [INFO] Epoch 6 | Train Loss: 0.6473 | Train Acc: 78.21%
2025-08-27 11:21:45,499 [INFO] Epoch 6 | Valid Loss: 1.2020 | Accuracy: 61.67% | F1 Score: 0.6161
2025-08-27 11:21:46,467 [INFO] Current learning rate: 0.0001
2025-08-27 11:21:46,468 [INFO] 
--- Epoch 7/30 ---
2025-08-27 11:21:47,494 [INFO] Epoch: 7 | Batch: 0/538 | Loss: 0.4063 | Acc: 100.00%
2025-08-27 11:21:56,854 [INFO] Epoch: 7 | Batch: 50/538 | Loss: 0.1140 | Acc: 88.73%
2025-08-27 11:22:06,240 [INFO] Epoch: 7 | Batch: 100/538 | Loss: 0.1804 | Acc: 85.64%
2025-08-27 11:22:15,178 [INFO] Epoch: 7 | Batch: 150/538 | Loss: 0.3021 | Acc: 83.61%
2025-08-27 11:22:23,888 [INFO] Epoch: 7 | Batch: 200/538 | Loss: 0.5912 | Acc: 82.96%
2025-08-27 11:22:32,872 [INFO] Epoch: 7 | Batch: 250/538 | Loss: 0.2305 | Acc: 83.67%
2025-08-27 11:22:41,613 [INFO] Epoch: 7 | Batch: 300/538 | Loss: 0.3647 | Acc: 83.80%
2025-08-27 11:22:50,487 [INFO] Epoch: 7 | Batch: 350/538 | Loss: 0.2278 | Acc: 83.48%
2025-08-27 11:22:59,163 [INFO] Epoch: 7 | Batch: 400/538 | Loss: 0.2878 | Acc: 83.35%
2025-08-27 11:23:07,741 [INFO] Epoch: 7 | Batch: 450/538 | Loss: 0.5180 | Acc: 83.26%
2025-08-27 11:23:16,298 [INFO] Epoch: 7 | Batch: 500/538 | Loss: 1.2439 | Acc: 82.78%
2025-08-27 11:23:22,790 [INFO] Epoch 7 | Train Loss: 0.5567 | Train Acc: 83.22%
2025-08-27 11:24:07,421 [INFO] Epoch 7 | Valid Loss: 0.9809 | Accuracy: 71.07% | F1 Score: 0.7105
2025-08-27 11:24:07,853 [INFO] New best validation accuracy: 71.07%! Saving model...
2025-08-27 11:24:09,175 [INFO] Current learning rate: 0.0001
2025-08-27 11:24:09,176 [INFO] 
--- Epoch 8/30 ---
2025-08-27 11:24:10,115 [INFO] Epoch: 8 | Batch: 0/538 | Loss: 0.1570 | Acc: 100.00%
2025-08-27 11:24:18,720 [INFO] Epoch: 8 | Batch: 50/538 | Loss: 0.3905 | Acc: 85.78%
2025-08-27 11:24:27,194 [INFO] Epoch: 8 | Batch: 100/538 | Loss: 0.1335 | Acc: 87.62%
2025-08-27 11:24:35,668 [INFO] Epoch: 8 | Batch: 150/538 | Loss: 0.0905 | Acc: 87.58%
2025-08-27 11:24:44,305 [INFO] Epoch: 8 | Batch: 200/538 | Loss: 0.2972 | Acc: 86.82%
2025-08-27 11:24:52,903 [INFO] Epoch: 8 | Batch: 250/538 | Loss: 0.3219 | Acc: 86.85%
2025-08-27 11:25:01,377 [INFO] Epoch: 8 | Batch: 300/538 | Loss: 0.3899 | Acc: 86.46%
2025-08-27 11:25:09,846 [INFO] Epoch: 8 | Batch: 350/538 | Loss: 0.8562 | Acc: 86.18%
2025-08-27 11:25:18,305 [INFO] Epoch: 8 | Batch: 400/538 | Loss: 0.2923 | Acc: 86.35%
2025-08-27 11:25:26,784 [INFO] Epoch: 8 | Batch: 450/538 | Loss: 1.5881 | Acc: 86.20%
2025-08-27 11:25:35,444 [INFO] Epoch: 8 | Batch: 500/538 | Loss: 0.1757 | Acc: 86.03%
2025-08-27 11:25:41,950 [INFO] Epoch 8 | Train Loss: 0.4874 | Train Acc: 85.87%
2025-08-27 11:26:25,728 [INFO] Epoch 8 | Valid Loss: 1.1004 | Accuracy: 70.17% | F1 Score: 0.7018
2025-08-27 11:26:26,636 [INFO] Current learning rate: 0.0001
2025-08-27 11:26:26,637 [INFO] 
--- Epoch 9/30 ---
2025-08-27 11:26:27,671 [INFO] Epoch: 9 | Batch: 0/538 | Loss: 0.1239 | Acc: 100.00%
2025-08-27 11:26:36,220 [INFO] Epoch: 9 | Batch: 50/538 | Loss: 0.1757 | Acc: 92.65%
2025-08-27 11:26:44,729 [INFO] Epoch: 9 | Batch: 100/538 | Loss: 0.1329 | Acc: 89.36%
2025-08-27 11:26:53,428 [INFO] Epoch: 9 | Batch: 150/538 | Loss: 1.4199 | Acc: 89.57%
2025-08-27 11:27:02,640 [INFO] Epoch: 9 | Batch: 200/538 | Loss: 0.4129 | Acc: 88.31%
2025-08-27 11:27:12,273 [INFO] Epoch: 9 | Batch: 250/538 | Loss: 0.4111 | Acc: 88.15%
2025-08-27 11:27:22,182 [INFO] Epoch: 9 | Batch: 300/538 | Loss: 0.1545 | Acc: 88.12%
2025-08-27 11:27:30,702 [INFO] Epoch: 9 | Batch: 350/538 | Loss: 1.3663 | Acc: 87.82%
2025-08-27 11:27:39,199 [INFO] Epoch: 9 | Batch: 400/538 | Loss: 0.5770 | Acc: 87.78%
2025-08-27 11:27:47,716 [INFO] Epoch: 9 | Batch: 450/538 | Loss: 0.1258 | Acc: 87.58%
2025-08-27 11:27:56,202 [INFO] Epoch: 9 | Batch: 500/538 | Loss: 1.2944 | Acc: 87.52%
2025-08-27 11:28:02,743 [INFO] Epoch 9 | Train Loss: 0.4373 | Train Acc: 87.59%
2025-08-27 11:28:49,335 [INFO] Epoch 9 | Valid Loss: 0.9709 | Accuracy: 71.81% | F1 Score: 0.7181
2025-08-27 11:28:49,787 [INFO] New best validation accuracy: 71.81%! Saving model...
2025-08-27 11:28:51,121 [INFO] Current learning rate: 0.0001
2025-08-27 11:28:51,122 [INFO] 
--- Epoch 10/30 ---
2025-08-27 11:28:52,195 [INFO] Epoch: 10 | Batch: 0/538 | Loss: 0.5453 | Acc: 75.00%
2025-08-27 11:29:00,902 [INFO] Epoch: 10 | Batch: 50/538 | Loss: 0.6956 | Acc: 87.25%
2025-08-27 11:29:09,587 [INFO] Epoch: 10 | Batch: 100/538 | Loss: 1.9245 | Acc: 88.37%
2025-08-27 11:29:18,233 [INFO] Epoch: 10 | Batch: 150/538 | Loss: 0.1762 | Acc: 88.41%
2025-08-27 11:29:27,127 [INFO] Epoch: 10 | Batch: 200/538 | Loss: 0.2227 | Acc: 88.31%
2025-08-27 11:29:35,662 [INFO] Epoch: 10 | Batch: 250/538 | Loss: 0.1686 | Acc: 88.94%
2025-08-27 11:29:44,172 [INFO] Epoch: 10 | Batch: 300/538 | Loss: 0.0679 | Acc: 89.29%
2025-08-27 11:29:52,841 [INFO] Epoch: 10 | Batch: 350/538 | Loss: 0.2793 | Acc: 89.60%
2025-08-27 11:30:01,369 [INFO] Epoch: 10 | Batch: 400/538 | Loss: 0.2101 | Acc: 89.21%
2025-08-27 11:30:09,926 [INFO] Epoch: 10 | Batch: 450/538 | Loss: 1.1158 | Acc: 89.14%
2025-08-27 11:30:18,456 [INFO] Epoch: 10 | Batch: 500/538 | Loss: 0.1456 | Acc: 89.12%
2025-08-27 11:30:24,964 [INFO] Epoch 10 | Train Loss: 0.3744 | Train Acc: 89.13%
2025-08-27 11:31:11,694 [INFO] Epoch 10 | Valid Loss: 1.0696 | Accuracy: 70.47% | F1 Score: 0.7046
2025-08-27 11:31:12,621 [INFO] Current learning rate: 0.0001
2025-08-27 11:31:12,622 [INFO] 
--- Epoch 11/30 ---
2025-08-27 11:31:13,548 [INFO] Epoch: 11 | Batch: 0/538 | Loss: 0.3005 | Acc: 100.00%
2025-08-27 11:31:22,486 [INFO] Epoch: 11 | Batch: 50/538 | Loss: 0.0618 | Acc: 87.75%
2025-08-27 11:31:31,202 [INFO] Epoch: 11 | Batch: 100/538 | Loss: 0.0266 | Acc: 88.37%
2025-08-27 11:31:39,871 [INFO] Epoch: 11 | Batch: 150/538 | Loss: 0.1155 | Acc: 89.90%
2025-08-27 11:31:48,406 [INFO] Epoch: 11 | Batch: 200/538 | Loss: 1.5504 | Acc: 90.30%
2025-08-27 11:31:57,201 [INFO] Epoch: 11 | Batch: 250/538 | Loss: 1.8256 | Acc: 90.54%
2025-08-27 11:32:05,706 [INFO] Epoch: 11 | Batch: 300/538 | Loss: 0.6726 | Acc: 90.53%
2025-08-27 11:32:14,244 [INFO] Epoch: 11 | Batch: 350/538 | Loss: 0.0915 | Acc: 90.81%
2025-08-27 11:32:22,748 [INFO] Epoch: 11 | Batch: 400/538 | Loss: 0.2125 | Acc: 90.77%
2025-08-27 11:32:31,951 [INFO] Epoch: 11 | Batch: 450/538 | Loss: 0.2709 | Acc: 90.96%
2025-08-27 11:32:40,607 [INFO] Epoch: 11 | Batch: 500/538 | Loss: 0.2297 | Acc: 90.62%
2025-08-27 11:32:47,213 [INFO] Epoch 11 | Train Loss: 0.3456 | Train Acc: 90.01%
2025-08-27 11:33:33,367 [INFO] Epoch 11 | Valid Loss: 1.1821 | Accuracy: 69.13% | F1 Score: 0.6929
2025-08-27 11:33:34,323 [INFO] Current learning rate: 0.0001
2025-08-27 11:33:34,324 [INFO] 
--- Epoch 12/30 ---
2025-08-27 11:33:35,286 [INFO] Epoch: 12 | Batch: 0/538 | Loss: 0.1850 | Acc: 100.00%
2025-08-27 11:33:44,136 [INFO] Epoch: 12 | Batch: 50/538 | Loss: 0.0829 | Acc: 90.69%
2025-08-27 11:33:52,631 [INFO] Epoch: 12 | Batch: 100/538 | Loss: 0.1115 | Acc: 88.61%
2025-08-27 11:34:01,351 [INFO] Epoch: 12 | Batch: 150/538 | Loss: 0.1967 | Acc: 89.57%
2025-08-27 11:34:10,000 [INFO] Epoch: 12 | Batch: 200/538 | Loss: 0.1333 | Acc: 90.30%
2025-08-27 11:34:18,624 [INFO] Epoch: 12 | Batch: 250/538 | Loss: 0.0456 | Acc: 90.34%
2025-08-27 11:34:27,153 [INFO] Epoch: 12 | Batch: 300/538 | Loss: 0.5578 | Acc: 89.87%
2025-08-27 11:34:35,757 [INFO] Epoch: 12 | Batch: 350/538 | Loss: 0.6251 | Acc: 89.89%
2025-08-27 11:34:44,368 [INFO] Epoch: 12 | Batch: 400/538 | Loss: 0.0206 | Acc: 90.34%
2025-08-27 11:34:52,858 [INFO] Epoch: 12 | Batch: 450/538 | Loss: 0.0330 | Acc: 90.63%
2025-08-27 11:35:01,355 [INFO] Epoch: 12 | Batch: 500/538 | Loss: 0.0239 | Acc: 90.52%
2025-08-27 11:35:07,852 [INFO] Epoch 12 | Train Loss: 0.3477 | Train Acc: 90.43%
2025-08-27 11:35:54,063 [INFO] Epoch 12 | Valid Loss: 1.1548 | Accuracy: 69.95% | F1 Score: 0.6996
2025-08-27 11:35:54,985 [INFO] Current learning rate: 0.0001
2025-08-27 11:35:54,986 [INFO] 
--- Epoch 13/30 ---
2025-08-27 11:35:56,113 [INFO] Epoch: 13 | Batch: 0/538 | Loss: 0.4129 | Acc: 75.00%
2025-08-27 11:36:04,722 [INFO] Epoch: 13 | Batch: 50/538 | Loss: 0.0352 | Acc: 88.73%
2025-08-27 11:36:13,396 [INFO] Epoch: 13 | Batch: 100/538 | Loss: 0.0514 | Acc: 91.34%
2025-08-27 11:36:22,009 [INFO] Epoch: 13 | Batch: 150/538 | Loss: 0.2786 | Acc: 89.57%
2025-08-27 11:36:30,484 [INFO] Epoch: 13 | Batch: 200/538 | Loss: 0.2713 | Acc: 89.43%
2025-08-27 11:36:39,013 [INFO] Epoch: 13 | Batch: 250/538 | Loss: 0.1438 | Acc: 90.34%
2025-08-27 11:36:47,506 [INFO] Epoch: 13 | Batch: 300/538 | Loss: 0.1717 | Acc: 91.11%
2025-08-27 11:36:56,303 [INFO] Epoch: 13 | Batch: 350/538 | Loss: 0.0549 | Acc: 90.88%
2025-08-27 11:37:05,014 [INFO] Epoch: 13 | Batch: 400/538 | Loss: 0.2167 | Acc: 90.96%
2025-08-27 11:37:13,512 [INFO] Epoch: 13 | Batch: 450/538 | Loss: 0.0335 | Acc: 90.80%
2025-08-27 11:37:22,002 [INFO] Epoch: 13 | Batch: 500/538 | Loss: 0.0389 | Acc: 90.52%
2025-08-27 11:37:28,535 [INFO] Epoch 13 | Train Loss: 0.3459 | Train Acc: 90.52%
2025-08-27 11:38:15,126 [INFO] Epoch 13 | Valid Loss: 1.1397 | Accuracy: 69.50% | F1 Score: 0.6919
2025-08-27 11:38:16,052 [INFO] Current learning rate: 0.0001
2025-08-27 11:38:16,053 [INFO] 
--- Epoch 14/30 ---
2025-08-27 11:38:17,035 [INFO] Epoch: 14 | Batch: 0/538 | Loss: 0.5375 | Acc: 75.00%
2025-08-27 11:38:25,577 [INFO] Epoch: 14 | Batch: 50/538 | Loss: 0.1204 | Acc: 94.61%
2025-08-27 11:38:34,089 [INFO] Epoch: 14 | Batch: 100/538 | Loss: 0.0618 | Acc: 92.82%
2025-08-27 11:38:42,578 [INFO] Epoch: 14 | Batch: 150/538 | Loss: 0.2396 | Acc: 93.38%
2025-08-27 11:38:51,089 [INFO] Epoch: 14 | Batch: 200/538 | Loss: 0.0509 | Acc: 93.53%
2025-08-27 11:38:59,612 [INFO] Epoch: 14 | Batch: 250/538 | Loss: 0.3368 | Acc: 92.83%
2025-08-27 11:39:08,251 [INFO] Epoch: 14 | Batch: 300/538 | Loss: 0.4852 | Acc: 92.03%
2025-08-27 11:39:16,803 [INFO] Epoch: 14 | Batch: 350/538 | Loss: 0.0343 | Acc: 92.09%
2025-08-27 11:39:25,304 [INFO] Epoch: 14 | Batch: 400/538 | Loss: 0.0597 | Acc: 91.90%
2025-08-27 11:39:33,790 [INFO] Epoch: 14 | Batch: 450/538 | Loss: 1.3254 | Acc: 91.91%
2025-08-27 11:39:42,303 [INFO] Epoch: 14 | Batch: 500/538 | Loss: 0.0847 | Acc: 92.02%
2025-08-27 11:39:48,810 [INFO] Epoch 14 | Train Loss: 0.2855 | Train Acc: 92.10%
2025-08-27 11:40:35,895 [INFO] Epoch 14 | Valid Loss: 1.1032 | Accuracy: 71.07% | F1 Score: 0.7114
2025-08-27 11:40:36,843 [INFO] Current learning rate: 0.0001
2025-08-27 11:40:36,844 [INFO] 
--- Epoch 15/30 ---
2025-08-27 11:40:37,894 [INFO] Epoch: 15 | Batch: 0/538 | Loss: 0.3078 | Acc: 75.00%
2025-08-27 11:40:46,612 [INFO] Epoch: 15 | Batch: 50/538 | Loss: 0.1613 | Acc: 93.14%
2025-08-27 11:40:55,113 [INFO] Epoch: 15 | Batch: 100/538 | Loss: 0.0685 | Acc: 92.82%
2025-08-27 11:41:03,607 [INFO] Epoch: 15 | Batch: 150/538 | Loss: 0.1145 | Acc: 93.21%
2025-08-27 11:41:12,095 [INFO] Epoch: 15 | Batch: 200/538 | Loss: 0.0271 | Acc: 93.66%
2025-08-27 11:41:20,592 [INFO] Epoch: 15 | Batch: 250/538 | Loss: 0.0430 | Acc: 94.62%
2025-08-27 11:41:29,080 [INFO] Epoch: 15 | Batch: 300/538 | Loss: 0.0809 | Acc: 94.44%
2025-08-27 11:41:37,596 [INFO] Epoch: 15 | Batch: 350/538 | Loss: 0.1801 | Acc: 94.37%
2025-08-27 11:41:46,096 [INFO] Epoch: 15 | Batch: 400/538 | Loss: 0.0210 | Acc: 94.64%
2025-08-27 11:41:54,614 [INFO] Epoch: 15 | Batch: 450/538 | Loss: 0.2761 | Acc: 94.73%
2025-08-27 11:42:03,116 [INFO] Epoch: 15 | Batch: 500/538 | Loss: 1.1237 | Acc: 94.26%
2025-08-27 11:42:09,587 [INFO] Epoch 15 | Train Loss: 0.2245 | Train Acc: 93.91%
2025-08-27 11:42:54,692 [INFO] Epoch 15 | Valid Loss: 1.0883 | Accuracy: 71.74% | F1 Score: 0.7169
2025-08-27 11:42:55,615 [INFO] Current learning rate: 1e-05
2025-08-27 11:42:55,616 [INFO] 
--- Epoch 16/30 ---
2025-08-27 11:42:56,606 [INFO] Epoch: 16 | Batch: 0/538 | Loss: 0.0862 | Acc: 100.00%
2025-08-27 11:43:05,103 [INFO] Epoch: 16 | Batch: 50/538 | Loss: 0.3049 | Acc: 93.14%
2025-08-27 11:43:13,609 [INFO] Epoch: 16 | Batch: 100/538 | Loss: 0.1484 | Acc: 94.55%
2025-08-27 11:43:22,081 [INFO] Epoch: 16 | Batch: 150/538 | Loss: 0.8666 | Acc: 93.54%
2025-08-27 11:43:30,621 [INFO] Epoch: 16 | Batch: 200/538 | Loss: 0.0209 | Acc: 94.03%
2025-08-27 11:43:39,120 [INFO] Epoch: 16 | Batch: 250/538 | Loss: 0.0490 | Acc: 94.62%
2025-08-27 11:43:47,630 [INFO] Epoch: 16 | Batch: 300/538 | Loss: 0.9062 | Acc: 94.68%
2025-08-27 11:43:56,138 [INFO] Epoch: 16 | Batch: 350/538 | Loss: 0.0784 | Acc: 95.01%
2025-08-27 11:44:04,627 [INFO] Epoch: 16 | Batch: 400/538 | Loss: 0.0127 | Acc: 95.20%
2025-08-27 11:44:13,117 [INFO] Epoch: 16 | Batch: 450/538 | Loss: 0.0399 | Acc: 95.12%
2025-08-27 11:44:21,593 [INFO] Epoch: 16 | Batch: 500/538 | Loss: 0.0149 | Acc: 95.41%
2025-08-27 11:44:28,050 [INFO] Epoch 16 | Train Loss: 0.1815 | Train Acc: 95.59%
2025-08-27 11:45:13,331 [INFO] Epoch 16 | Valid Loss: 1.0901 | Accuracy: 73.15% | F1 Score: 0.7353
2025-08-27 11:45:13,772 [INFO] New best validation accuracy: 73.15%! Saving model...
2025-08-27 11:45:15,094 [INFO] Current learning rate: 1e-05
2025-08-27 11:45:15,095 [INFO] 
--- Epoch 17/30 ---
2025-08-27 11:45:16,097 [INFO] Epoch: 17 | Batch: 0/538 | Loss: 0.0335 | Acc: 100.00%
2025-08-27 11:45:24,862 [INFO] Epoch: 17 | Batch: 50/538 | Loss: 0.0790 | Acc: 96.08%
2025-08-27 11:45:33,345 [INFO] Epoch: 17 | Batch: 100/538 | Loss: 0.0822 | Acc: 94.80%
2025-08-27 11:45:41,823 [INFO] Epoch: 17 | Batch: 150/538 | Loss: 0.1913 | Acc: 95.03%
2025-08-27 11:45:50,349 [INFO] Epoch: 17 | Batch: 200/538 | Loss: 0.0427 | Acc: 95.77%
2025-08-27 11:45:59,107 [INFO] Epoch: 17 | Batch: 250/538 | Loss: 1.6292 | Acc: 96.12%
2025-08-27 11:46:07,609 [INFO] Epoch: 17 | Batch: 300/538 | Loss: 0.0320 | Acc: 96.43%
2025-08-27 11:46:16,380 [INFO] Epoch: 17 | Batch: 350/538 | Loss: 0.6079 | Acc: 96.44%
2025-08-27 11:46:24,905 [INFO] Epoch: 17 | Batch: 400/538 | Loss: 0.9609 | Acc: 96.63%
2025-08-27 11:46:33,547 [INFO] Epoch: 17 | Batch: 450/538 | Loss: 0.0305 | Acc: 96.78%
2025-08-27 11:46:42,120 [INFO] Epoch: 17 | Batch: 500/538 | Loss: 0.0738 | Acc: 96.71%
2025-08-27 11:46:48,646 [INFO] Epoch 17 | Train Loss: 0.1598 | Train Acc: 96.65%
2025-08-27 11:47:34,444 [INFO] Epoch 17 | Valid Loss: 1.0254 | Accuracy: 74.65% | F1 Score: 0.7471
2025-08-27 11:47:34,883 [INFO] New best validation accuracy: 74.65%! Saving model...
2025-08-27 11:47:36,222 [INFO] Current learning rate: 1e-05
2025-08-27 11:47:36,223 [INFO] 
--- Epoch 18/30 ---
2025-08-27 11:47:37,287 [INFO] Epoch: 18 | Batch: 0/538 | Loss: 0.0132 | Acc: 100.00%
2025-08-27 11:47:45,919 [INFO] Epoch: 18 | Batch: 50/538 | Loss: 0.0185 | Acc: 98.53%
2025-08-27 11:47:54,741 [INFO] Epoch: 18 | Batch: 100/538 | Loss: 0.0583 | Acc: 97.77%
2025-08-27 11:48:03,256 [INFO] Epoch: 18 | Batch: 150/538 | Loss: 0.0302 | Acc: 97.52%
2025-08-27 11:48:12,054 [INFO] Epoch: 18 | Batch: 200/538 | Loss: 0.0770 | Acc: 97.51%
2025-08-27 11:48:20,585 [INFO] Epoch: 18 | Batch: 250/538 | Loss: 0.0108 | Acc: 97.71%
2025-08-27 11:48:29,326 [INFO] Epoch: 18 | Batch: 300/538 | Loss: 0.2557 | Acc: 97.67%
2025-08-27 11:48:38,075 [INFO] Epoch: 18 | Batch: 350/538 | Loss: 0.0078 | Acc: 97.86%
2025-08-27 11:48:46,551 [INFO] Epoch: 18 | Batch: 400/538 | Loss: 0.0146 | Acc: 98.00%
2025-08-27 11:48:55,069 [INFO] Epoch: 18 | Batch: 450/538 | Loss: 0.0305 | Acc: 97.95%
2025-08-27 11:49:03,548 [INFO] Epoch: 18 | Batch: 500/538 | Loss: 0.0255 | Acc: 97.80%
2025-08-27 11:49:10,046 [INFO] Epoch 18 | Train Loss: 0.1097 | Train Acc: 97.86%
2025-08-27 11:49:55,935 [INFO] Epoch 18 | Valid Loss: 1.0687 | Accuracy: 74.20% | F1 Score: 0.7420
2025-08-27 11:49:56,875 [INFO] Current learning rate: 1e-05
2025-08-27 11:49:56,876 [INFO] 
--- Epoch 19/30 ---
2025-08-27 11:49:57,937 [INFO] Epoch: 19 | Batch: 0/538 | Loss: 0.0200 | Acc: 100.00%
2025-08-27 11:50:06,732 [INFO] Epoch: 19 | Batch: 50/538 | Loss: 0.1092 | Acc: 99.51%
2025-08-27 11:50:15,299 [INFO] Epoch: 19 | Batch: 100/538 | Loss: 0.0667 | Acc: 99.75%
2025-08-27 11:50:23,911 [INFO] Epoch: 19 | Batch: 150/538 | Loss: 0.0742 | Acc: 99.34%
2025-08-27 11:50:32,461 [INFO] Epoch: 19 | Batch: 200/538 | Loss: 0.0094 | Acc: 98.63%
2025-08-27 11:50:40,980 [INFO] Epoch: 19 | Batch: 250/538 | Loss: 0.4736 | Acc: 98.71%
2025-08-27 11:50:49,459 [INFO] Epoch: 19 | Batch: 300/538 | Loss: 0.0086 | Acc: 98.59%
2025-08-27 11:50:57,954 [INFO] Epoch: 19 | Batch: 350/538 | Loss: 1.0707 | Acc: 98.65%
2025-08-27 11:51:06,451 [INFO] Epoch: 19 | Batch: 400/538 | Loss: 0.9664 | Acc: 98.57%
2025-08-27 11:51:14,959 [INFO] Epoch: 19 | Batch: 450/538 | Loss: 0.0108 | Acc: 98.45%
2025-08-27 11:51:23,575 [INFO] Epoch: 19 | Batch: 500/538 | Loss: 0.0135 | Acc: 98.55%
2025-08-27 11:51:30,170 [INFO] Epoch 19 | Train Loss: 0.0988 | Train Acc: 98.42%
2025-08-27 11:52:15,699 [INFO] Epoch 19 | Valid Loss: 1.0342 | Accuracy: 75.09% | F1 Score: 0.7513
2025-08-27 11:52:16,152 [INFO] New best validation accuracy: 75.09%! Saving model...
2025-08-27 11:52:17,472 [INFO] Current learning rate: 1e-05
2025-08-27 11:52:17,473 [INFO] 
--- Epoch 20/30 ---
2025-08-27 11:52:18,518 [INFO] Epoch: 20 | Batch: 0/538 | Loss: 0.0456 | Acc: 100.00%
2025-08-27 11:52:27,119 [INFO] Epoch: 20 | Batch: 50/538 | Loss: 0.0127 | Acc: 98.04%
2025-08-27 11:52:35,650 [INFO] Epoch: 20 | Batch: 100/538 | Loss: 0.0260 | Acc: 98.27%
2025-08-27 11:52:44,274 [INFO] Epoch: 20 | Batch: 150/538 | Loss: 0.0158 | Acc: 98.34%
2025-08-27 11:52:52,931 [INFO] Epoch: 20 | Batch: 200/538 | Loss: 0.0234 | Acc: 98.63%
2025-08-27 11:53:01,872 [INFO] Epoch: 20 | Batch: 250/538 | Loss: 0.0252 | Acc: 98.41%
2025-08-27 11:53:10,449 [INFO] Epoch: 20 | Batch: 300/538 | Loss: 0.0381 | Acc: 98.17%
2025-08-27 11:53:19,158 [INFO] Epoch: 20 | Batch: 350/538 | Loss: 0.0380 | Acc: 98.29%
2025-08-27 11:53:27,688 [INFO] Epoch: 20 | Batch: 400/538 | Loss: 0.0104 | Acc: 98.25%
2025-08-27 11:53:36,260 [INFO] Epoch: 20 | Batch: 450/538 | Loss: 0.0476 | Acc: 98.23%
2025-08-27 11:53:45,021 [INFO] Epoch: 20 | Batch: 500/538 | Loss: 0.0093 | Acc: 98.25%
2025-08-27 11:53:51,492 [INFO] Epoch 20 | Train Loss: 0.0951 | Train Acc: 98.09%
2025-08-27 11:54:38,547 [INFO] Epoch 20 | Valid Loss: 1.0905 | Accuracy: 75.02% | F1 Score: 0.7521
2025-08-27 11:54:39,482 [INFO] Current learning rate: 1e-05
2025-08-27 11:54:39,483 [INFO] 
--- Epoch 21/30 ---
2025-08-27 11:54:40,545 [INFO] Epoch: 21 | Batch: 0/538 | Loss: 0.0140 | Acc: 100.00%
2025-08-27 11:54:49,142 [INFO] Epoch: 21 | Batch: 50/538 | Loss: 0.6824 | Acc: 97.55%
2025-08-27 11:54:57,772 [INFO] Epoch: 21 | Batch: 100/538 | Loss: 0.0551 | Acc: 97.28%
2025-08-27 11:55:06,441 [INFO] Epoch: 21 | Batch: 150/538 | Loss: 0.5814 | Acc: 97.85%
2025-08-27 11:55:14,955 [INFO] Epoch: 21 | Batch: 200/538 | Loss: 0.0320 | Acc: 98.38%
2025-08-27 11:55:23,728 [INFO] Epoch: 21 | Batch: 250/538 | Loss: 0.1929 | Acc: 98.21%
2025-08-27 11:55:32,507 [INFO] Epoch: 21 | Batch: 300/538 | Loss: 0.0933 | Acc: 98.26%
2025-08-27 11:55:41,004 [INFO] Epoch: 21 | Batch: 350/538 | Loss: 0.0148 | Acc: 98.43%
2025-08-27 11:55:49,496 [INFO] Epoch: 21 | Batch: 400/538 | Loss: 0.3626 | Acc: 98.13%
2025-08-27 11:55:58,237 [INFO] Epoch: 21 | Batch: 450/538 | Loss: 0.0229 | Acc: 98.17%
2025-08-27 11:56:06,757 [INFO] Epoch: 21 | Batch: 500/538 | Loss: 0.0303 | Acc: 98.35%
2025-08-27 11:56:13,303 [INFO] Epoch 21 | Train Loss: 0.0923 | Train Acc: 98.37%
2025-08-27 11:56:58,560 [INFO] Epoch 21 | Valid Loss: 1.0906 | Accuracy: 73.97% | F1 Score: 0.7398
2025-08-27 11:56:59,538 [INFO] Current learning rate: 1.0000000000000002e-06
2025-08-27 11:56:59,539 [INFO] 
--- Epoch 22/30 ---
2025-08-27 11:57:00,588 [INFO] Epoch: 22 | Batch: 0/538 | Loss: 0.0585 | Acc: 100.00%
2025-08-27 11:57:10,498 [INFO] Epoch: 22 | Batch: 50/538 | Loss: 0.0441 | Acc: 99.02%
2025-08-27 11:57:18,996 [INFO] Epoch: 22 | Batch: 100/538 | Loss: 0.0175 | Acc: 99.50%
2025-08-27 11:57:27,510 [INFO] Epoch: 22 | Batch: 150/538 | Loss: 0.0086 | Acc: 99.17%
2025-08-27 11:57:36,046 [INFO] Epoch: 22 | Batch: 200/538 | Loss: 0.0072 | Acc: 99.25%
2025-08-27 11:57:44,541 [INFO] Epoch: 22 | Batch: 250/538 | Loss: 0.2543 | Acc: 99.00%
2025-08-27 11:57:53,024 [INFO] Epoch: 22 | Batch: 300/538 | Loss: 0.0110 | Acc: 99.00%
2025-08-27 11:58:01,514 [INFO] Epoch: 22 | Batch: 350/538 | Loss: 0.0135 | Acc: 99.07%
2025-08-27 11:58:10,044 [INFO] Epoch: 22 | Batch: 400/538 | Loss: 0.0859 | Acc: 99.06%
2025-08-27 11:58:18,561 [INFO] Epoch: 22 | Batch: 450/538 | Loss: 0.0266 | Acc: 99.11%
