2025-08-29 13:38:14,518 [INFO] Starting new experiment: GroupActivity_Classifier_B1_V1.0_20250829_133814
2025-08-29 13:38:14,521 [INFO] Using device: cuda. Seed: 42
2025-08-29 13:38:24,065 [INFO] Training dataset size: 19368
2025-08-29 13:38:24,066 [INFO] Validation dataset size: 12069
2025-08-29 13:38:24,067 [INFO] Starting training process
2025-08-29 13:38:24,068 [INFO] 
--- Epoch 1/10 ---
2025-08-29 13:38:27,025 [INFO] Epoch: 1 | Batch: 0/606 | Loss: 2.0918 | Acc: 12.50%
2025-08-29 13:38:37,681 [INFO] Epoch: 1 | Batch: 50/606 | Loss: 1.9162 | Acc: 17.46%
2025-08-29 13:38:49,192 [INFO] Epoch: 1 | Batch: 100/606 | Loss: 2.0035 | Acc: 19.34%
2025-08-29 13:39:00,854 [INFO] Epoch: 1 | Batch: 150/606 | Loss: 1.4879 | Acc: 23.55%
2025-08-29 13:39:12,285 [INFO] Epoch: 1 | Batch: 200/606 | Loss: 1.2325 | Acc: 29.40%
2025-08-29 13:39:23,541 [INFO] Epoch: 1 | Batch: 250/606 | Loss: 1.1901 | Acc: 34.46%
2025-08-29 13:39:34,706 [INFO] Epoch: 1 | Batch: 300/606 | Loss: 0.8398 | Acc: 39.43%
2025-08-29 13:39:46,151 [INFO] Epoch: 1 | Batch: 350/606 | Loss: 0.6866 | Acc: 43.32%
2025-08-29 13:39:57,232 [INFO] Epoch: 1 | Batch: 400/606 | Loss: 0.8669 | Acc: 46.63%
2025-08-29 13:40:08,631 [INFO] Epoch: 1 | Batch: 450/606 | Loss: 0.4806 | Acc: 49.55%
2025-08-29 13:40:19,914 [INFO] Epoch: 1 | Batch: 500/606 | Loss: 0.6989 | Acc: 52.11%
2025-08-29 13:40:31,143 [INFO] Epoch: 1 | Batch: 550/606 | Loss: 0.6484 | Acc: 54.23%
2025-08-29 13:40:42,253 [INFO] Epoch: 1 | Batch: 600/606 | Loss: 0.8216 | Acc: 56.31%
2025-08-29 13:40:43,221 [INFO] Epoch 1 completed. Average Loss: 1.1792, Accuracy: 56.45%
2025-08-29 13:42:00,894 [INFO] Validation Epoch 1 completed. Average Loss: 1.0038, Accuracy: 66.27%, F1 Score: 0.66
2025-08-29 13:42:00,895 [INFO] New best validation accuracy: 66.27%! Saving model...
2025-08-29 13:42:01,765 [INFO] Current learning rate: 0.0001
2025-08-29 13:42:01,766 [INFO] 
--- Epoch 2/10 ---
2025-08-29 13:42:02,965 [INFO] Epoch: 2 | Batch: 0/606 | Loss: 0.4781 | Acc: 84.38%
2025-08-29 13:42:13,636 [INFO] Epoch: 2 | Batch: 50/606 | Loss: 0.3555 | Acc: 84.07%
2025-08-29 13:42:25,048 [INFO] Epoch: 2 | Batch: 100/606 | Loss: 0.2655 | Acc: 84.81%
2025-08-29 13:42:35,236 [INFO] Epoch: 2 | Batch: 150/606 | Loss: 0.3685 | Acc: 84.85%
2025-08-29 13:42:45,458 [INFO] Epoch: 2 | Batch: 200/606 | Loss: 0.4223 | Acc: 85.46%
2025-08-29 13:42:55,910 [INFO] Epoch: 2 | Batch: 250/606 | Loss: 0.1345 | Acc: 85.30%
2025-08-29 13:43:06,046 [INFO] Epoch: 2 | Batch: 300/606 | Loss: 0.1880 | Acc: 85.67%
2025-08-29 13:43:16,060 [INFO] Epoch: 2 | Batch: 350/606 | Loss: 0.5447 | Acc: 85.82%
2025-08-29 13:43:26,167 [INFO] Epoch: 2 | Batch: 400/606 | Loss: 0.1499 | Acc: 85.99%
2025-08-29 13:43:36,184 [INFO] Epoch: 2 | Batch: 450/606 | Loss: 0.1248 | Acc: 86.37%
2025-08-29 13:43:46,413 [INFO] Epoch: 2 | Batch: 500/606 | Loss: 0.2337 | Acc: 86.63%
2025-08-29 13:43:56,528 [INFO] Epoch: 2 | Batch: 550/606 | Loss: 0.2183 | Acc: 86.72%
2025-08-29 13:44:06,180 [INFO] Epoch: 2 | Batch: 600/606 | Loss: 0.3702 | Acc: 86.93%
2025-08-29 13:44:06,976 [INFO] Epoch 2 completed. Average Loss: 0.3718, Accuracy: 86.96%
2025-08-29 13:45:09,943 [INFO] Validation Epoch 2 completed. Average Loss: 1.2387, Accuracy: 65.08%, F1 Score: 0.65
2025-08-29 13:45:10,364 [INFO] Current learning rate: 0.0001
2025-08-29 13:45:10,365 [INFO] 
--- Epoch 3/10 ---
2025-08-29 13:45:11,429 [INFO] Epoch: 3 | Batch: 0/606 | Loss: 0.2451 | Acc: 93.75%
2025-08-29 13:45:21,481 [INFO] Epoch: 3 | Batch: 50/606 | Loss: 0.1889 | Acc: 91.48%
2025-08-29 13:45:31,554 [INFO] Epoch: 3 | Batch: 100/606 | Loss: 0.4089 | Acc: 92.67%
2025-08-29 13:45:41,692 [INFO] Epoch: 3 | Batch: 150/606 | Loss: 0.3015 | Acc: 92.55%
2025-08-29 13:45:51,678 [INFO] Epoch: 3 | Batch: 200/606 | Loss: 0.1239 | Acc: 92.57%
2025-08-29 13:46:01,900 [INFO] Epoch: 3 | Batch: 250/606 | Loss: 0.2642 | Acc: 92.43%
2025-08-29 13:46:11,920 [INFO] Epoch: 3 | Batch: 300/606 | Loss: 0.2674 | Acc: 92.47%
2025-08-29 13:46:21,925 [INFO] Epoch: 3 | Batch: 350/606 | Loss: 0.2629 | Acc: 92.49%
2025-08-29 13:46:31,913 [INFO] Epoch: 3 | Batch: 400/606 | Loss: 0.1630 | Acc: 92.63%
2025-08-29 13:46:42,382 [INFO] Epoch: 3 | Batch: 450/606 | Loss: 0.5762 | Acc: 92.68%
2025-08-29 13:46:52,272 [INFO] Epoch: 3 | Batch: 500/606 | Loss: 0.0386 | Acc: 92.80%
2025-08-29 13:47:02,293 [INFO] Epoch: 3 | Batch: 550/606 | Loss: 0.2469 | Acc: 92.68%
2025-08-29 13:47:12,275 [INFO] Epoch: 3 | Batch: 600/606 | Loss: 0.2178 | Acc: 92.77%
2025-08-29 13:47:13,074 [INFO] Epoch 3 completed. Average Loss: 0.2164, Accuracy: 92.77%
2025-08-29 13:48:16,406 [INFO] Validation Epoch 3 completed. Average Loss: 1.2019, Accuracy: 68.26%, F1 Score: 0.68
2025-08-29 13:48:16,408 [INFO] New best validation accuracy: 68.26%! Saving model...
2025-08-29 13:48:17,500 [INFO] Current learning rate: 0.0001
2025-08-29 13:48:17,501 [INFO] 
--- Epoch 4/10 ---
2025-08-29 13:48:18,560 [INFO] Epoch: 4 | Batch: 0/606 | Loss: 0.1265 | Acc: 93.75%
2025-08-29 13:48:28,402 [INFO] Epoch: 4 | Batch: 50/606 | Loss: 0.0612 | Acc: 94.00%
2025-08-29 13:48:38,283 [INFO] Epoch: 4 | Batch: 100/606 | Loss: 0.3114 | Acc: 94.59%
2025-08-29 13:48:48,382 [INFO] Epoch: 4 | Batch: 150/606 | Loss: 0.0698 | Acc: 94.66%
2025-08-29 13:48:58,187 [INFO] Epoch: 4 | Batch: 200/606 | Loss: 0.2120 | Acc: 94.95%
2025-08-29 13:49:07,890 [INFO] Epoch: 4 | Batch: 250/606 | Loss: 0.1998 | Acc: 94.81%
2025-08-29 13:49:17,775 [INFO] Epoch: 4 | Batch: 300/606 | Loss: 0.0674 | Acc: 94.62%
2025-08-29 13:49:27,673 [INFO] Epoch: 4 | Batch: 350/606 | Loss: 0.1358 | Acc: 94.58%
2025-08-29 13:49:37,643 [INFO] Epoch: 4 | Batch: 400/606 | Loss: 0.0645 | Acc: 94.60%
2025-08-29 13:49:47,683 [INFO] Epoch: 4 | Batch: 450/606 | Loss: 0.1872 | Acc: 94.68%
2025-08-29 13:49:57,740 [INFO] Epoch: 4 | Batch: 500/606 | Loss: 0.1773 | Acc: 94.81%
2025-08-29 13:50:07,589 [INFO] Epoch: 4 | Batch: 550/606 | Loss: 0.1470 | Acc: 94.77%
2025-08-29 13:50:17,603 [INFO] Epoch: 4 | Batch: 600/606 | Loss: 0.1175 | Acc: 94.81%
2025-08-29 13:50:18,398 [INFO] Epoch 4 completed. Average Loss: 0.1528, Accuracy: 94.80%
2025-08-29 13:51:21,684 [INFO] Validation Epoch 4 completed. Average Loss: 1.1849, Accuracy: 69.90%, F1 Score: 0.70
2025-08-29 13:51:21,686 [INFO] New best validation accuracy: 69.90%! Saving model...
2025-08-29 13:51:22,769 [INFO] Current learning rate: 0.0001
2025-08-29 13:51:22,770 [INFO] 
--- Epoch 5/10 ---
2025-08-29 13:51:23,828 [INFO] Epoch: 5 | Batch: 0/606 | Loss: 0.0789 | Acc: 96.88%
2025-08-29 13:51:33,728 [INFO] Epoch: 5 | Batch: 50/606 | Loss: 0.1353 | Acc: 94.18%
2025-08-29 13:51:43,614 [INFO] Epoch: 5 | Batch: 100/606 | Loss: 0.0580 | Acc: 95.30%
2025-08-29 13:51:53,433 [INFO] Epoch: 5 | Batch: 150/606 | Loss: 0.1610 | Acc: 95.51%
2025-08-29 13:52:03,566 [INFO] Epoch: 5 | Batch: 200/606 | Loss: 0.0324 | Acc: 95.68%
2025-08-29 13:52:13,308 [INFO] Epoch: 5 | Batch: 250/606 | Loss: 0.1325 | Acc: 95.79%
2025-08-29 13:52:23,111 [INFO] Epoch: 5 | Batch: 300/606 | Loss: 0.0366 | Acc: 95.77%
2025-08-29 13:52:32,998 [INFO] Epoch: 5 | Batch: 350/606 | Loss: 0.0528 | Acc: 95.74%
2025-08-29 13:52:42,901 [INFO] Epoch: 5 | Batch: 400/606 | Loss: 0.0498 | Acc: 95.68%
2025-08-29 13:52:53,018 [INFO] Epoch: 5 | Batch: 450/606 | Loss: 0.0386 | Acc: 95.88%
2025-08-29 13:53:03,081 [INFO] Epoch: 5 | Batch: 500/606 | Loss: 0.1018 | Acc: 96.00%
2025-08-29 13:53:13,075 [INFO] Epoch: 5 | Batch: 550/606 | Loss: 0.1260 | Acc: 95.92%
2025-08-29 13:53:22,808 [INFO] Epoch: 5 | Batch: 600/606 | Loss: 0.1996 | Acc: 95.92%
2025-08-29 13:53:23,602 [INFO] Epoch 5 completed. Average Loss: 0.1224, Accuracy: 95.91%
2025-08-29 13:54:26,332 [INFO] Validation Epoch 5 completed. Average Loss: 1.2655, Accuracy: 68.60%, F1 Score: 0.69
2025-08-29 13:54:26,763 [INFO] Current learning rate: 0.0001
2025-08-29 13:54:26,764 [INFO] 
--- Epoch 6/10 ---
2025-08-29 13:54:27,837 [INFO] Epoch: 6 | Batch: 0/606 | Loss: 0.0655 | Acc: 100.00%
2025-08-29 13:54:37,728 [INFO] Epoch: 6 | Batch: 50/606 | Loss: 0.1431 | Acc: 96.20%
2025-08-29 13:54:47,512 [INFO] Epoch: 6 | Batch: 100/606 | Loss: 0.0389 | Acc: 96.47%
2025-08-29 13:54:57,329 [INFO] Epoch: 6 | Batch: 150/606 | Loss: 0.1776 | Acc: 96.44%
2025-08-29 13:55:07,207 [INFO] Epoch: 6 | Batch: 200/606 | Loss: 0.0297 | Acc: 96.53%
2025-08-29 13:55:17,076 [INFO] Epoch: 6 | Batch: 250/606 | Loss: 0.1314 | Acc: 96.55%
2025-08-29 13:55:26,929 [INFO] Epoch: 6 | Batch: 300/606 | Loss: 0.0329 | Acc: 96.61%
2025-08-29 13:55:36,652 [INFO] Epoch: 6 | Batch: 350/606 | Loss: 0.3243 | Acc: 96.58%
2025-08-29 13:55:46,519 [INFO] Epoch: 6 | Batch: 400/606 | Loss: 0.0141 | Acc: 96.56%
2025-08-29 13:55:56,074 [INFO] Epoch: 6 | Batch: 450/606 | Loss: 0.0063 | Acc: 96.58%
2025-08-29 13:56:05,988 [INFO] Epoch: 6 | Batch: 500/606 | Loss: 0.0768 | Acc: 96.56%
2025-08-29 13:56:15,960 [INFO] Epoch: 6 | Batch: 550/606 | Loss: 0.0593 | Acc: 96.52%
2025-08-29 13:56:25,862 [INFO] Epoch: 6 | Batch: 600/606 | Loss: 0.1622 | Acc: 96.52%
2025-08-29 13:56:26,667 [INFO] Epoch 6 completed. Average Loss: 0.1070, Accuracy: 96.49%
2025-08-29 13:57:29,400 [INFO] Validation Epoch 6 completed. Average Loss: 1.2648, Accuracy: 69.37%, F1 Score: 0.69
2025-08-29 13:57:29,831 [INFO] Current learning rate: 0.0001
2025-08-29 13:57:29,832 [INFO] 
--- Epoch 7/10 ---
2025-08-29 13:57:30,884 [INFO] Epoch: 7 | Batch: 0/606 | Loss: 0.0777 | Acc: 96.88%
2025-08-29 13:57:40,892 [INFO] Epoch: 7 | Batch: 50/606 | Loss: 0.0527 | Acc: 97.49%
2025-08-29 13:57:50,678 [INFO] Epoch: 7 | Batch: 100/606 | Loss: 0.1169 | Acc: 97.43%
2025-08-29 13:58:00,497 [INFO] Epoch: 7 | Batch: 150/606 | Loss: 0.1115 | Acc: 97.19%
2025-08-29 13:58:10,615 [INFO] Epoch: 7 | Batch: 200/606 | Loss: 0.0485 | Acc: 97.40%
2025-08-29 13:58:20,617 [INFO] Epoch: 7 | Batch: 250/606 | Loss: 0.0133 | Acc: 97.55%
2025-08-29 13:58:30,316 [INFO] Epoch: 7 | Batch: 300/606 | Loss: 0.0049 | Acc: 97.55%
2025-08-29 13:58:39,797 [INFO] Epoch: 7 | Batch: 350/606 | Loss: 0.1660 | Acc: 97.47%
2025-08-29 13:58:49,737 [INFO] Epoch: 7 | Batch: 400/606 | Loss: 0.0074 | Acc: 97.43%
2025-08-29 13:58:59,681 [INFO] Epoch: 7 | Batch: 450/606 | Loss: 0.0215 | Acc: 97.40%
2025-08-29 13:59:09,584 [INFO] Epoch: 7 | Batch: 500/606 | Loss: 0.0108 | Acc: 97.42%
2025-08-29 13:59:19,459 [INFO] Epoch: 7 | Batch: 550/606 | Loss: 0.1617 | Acc: 97.33%
2025-08-29 13:59:29,375 [INFO] Epoch: 7 | Batch: 600/606 | Loss: 0.1146 | Acc: 97.32%
2025-08-29 13:59:30,170 [INFO] Epoch 7 completed. Average Loss: 0.0855, Accuracy: 97.29%
2025-08-29 14:00:32,622 [INFO] Validation Epoch 7 completed. Average Loss: 1.4762, Accuracy: 67.75%, F1 Score: 0.68
2025-08-29 14:00:33,031 [INFO] Current learning rate: 1e-05
2025-08-29 14:00:33,032 [INFO] 
--- Epoch 8/10 ---
2025-08-29 14:00:34,147 [INFO] Epoch: 8 | Batch: 0/606 | Loss: 0.1247 | Acc: 90.62%
2025-08-29 14:00:44,070 [INFO] Epoch: 8 | Batch: 50/606 | Loss: 0.0202 | Acc: 96.88%
2025-08-29 14:00:54,127 [INFO] Epoch: 8 | Batch: 100/606 | Loss: 0.0942 | Acc: 97.34%
2025-08-29 14:01:03,683 [INFO] Epoch: 8 | Batch: 150/606 | Loss: 0.0721 | Acc: 97.54%
2025-08-29 14:01:13,635 [INFO] Epoch: 8 | Batch: 200/606 | Loss: 0.1090 | Acc: 97.78%
2025-08-29 14:01:23,505 [INFO] Epoch: 8 | Batch: 250/606 | Loss: 0.0052 | Acc: 97.87%
2025-08-29 14:01:33,465 [INFO] Epoch: 8 | Batch: 300/606 | Loss: 0.0029 | Acc: 97.95%
2025-08-29 14:01:43,116 [INFO] Epoch: 8 | Batch: 350/606 | Loss: 0.0179 | Acc: 98.02%
2025-08-29 14:01:53,012 [INFO] Epoch: 8 | Batch: 400/606 | Loss: 0.1411 | Acc: 98.06%
2025-08-29 14:02:02,908 [INFO] Epoch: 8 | Batch: 450/606 | Loss: 0.0578 | Acc: 98.11%
2025-08-29 14:02:12,871 [INFO] Epoch: 8 | Batch: 500/606 | Loss: 0.0148 | Acc: 98.18%
2025-08-29 14:02:22,486 [INFO] Epoch: 8 | Batch: 550/606 | Loss: 0.0865 | Acc: 98.09%
2025-08-29 14:02:32,173 [INFO] Epoch: 8 | Batch: 600/606 | Loss: 0.0196 | Acc: 98.12%
2025-08-29 14:02:32,967 [INFO] Epoch 8 completed. Average Loss: 0.0585, Accuracy: 98.11%
2025-08-29 14:03:35,268 [INFO] Validation Epoch 8 completed. Average Loss: 1.3906, Accuracy: 69.72%, F1 Score: 0.70
2025-08-29 14:03:35,668 [INFO] Current learning rate: 1e-05
2025-08-29 14:03:35,669 [INFO] 
--- Epoch 9/10 ---
2025-08-29 14:03:36,827 [INFO] Epoch: 9 | Batch: 0/606 | Loss: 0.0298 | Acc: 100.00%
2025-08-29 14:03:46,585 [INFO] Epoch: 9 | Batch: 50/606 | Loss: 0.0145 | Acc: 98.10%
2025-08-29 14:03:56,491 [INFO] Epoch: 9 | Batch: 100/606 | Loss: 0.0059 | Acc: 98.48%
2025-08-29 14:04:06,333 [INFO] Epoch: 9 | Batch: 150/606 | Loss: 0.0630 | Acc: 98.39%
2025-08-29 14:04:16,287 [INFO] Epoch: 9 | Batch: 200/606 | Loss: 0.0010 | Acc: 98.48%
2025-08-29 14:04:26,348 [INFO] Epoch: 9 | Batch: 250/606 | Loss: 0.0085 | Acc: 98.47%
2025-08-29 14:04:36,182 [INFO] Epoch: 9 | Batch: 300/606 | Loss: 0.0031 | Acc: 98.56%
2025-08-29 14:04:45,909 [INFO] Epoch: 9 | Batch: 350/606 | Loss: 0.0254 | Acc: 98.49%
2025-08-29 14:04:55,439 [INFO] Epoch: 9 | Batch: 400/606 | Loss: 0.1159 | Acc: 98.40%
2025-08-29 14:05:05,095 [INFO] Epoch: 9 | Batch: 450/606 | Loss: 0.0036 | Acc: 98.38%
2025-08-29 14:05:14,904 [INFO] Epoch: 9 | Batch: 500/606 | Loss: 0.0505 | Acc: 98.42%
2025-08-29 14:05:24,561 [INFO] Epoch: 9 | Batch: 550/606 | Loss: 0.1028 | Acc: 98.41%
2025-08-29 14:05:34,281 [INFO] Epoch: 9 | Batch: 600/606 | Loss: 0.0484 | Acc: 98.47%
2025-08-29 14:05:35,077 [INFO] Epoch 9 completed. Average Loss: 0.0489, Accuracy: 98.46%
2025-08-29 14:06:37,149 [INFO] Validation Epoch 9 completed. Average Loss: 1.3661, Accuracy: 69.85%, F1 Score: 0.70
2025-08-29 14:06:37,543 [INFO] Current learning rate: 1e-05
2025-08-29 14:06:37,543 [INFO] 
--- Epoch 10/10 ---
2025-08-29 14:06:38,609 [INFO] Epoch: 10 | Batch: 0/606 | Loss: 0.0371 | Acc: 100.00%
2025-08-29 14:06:48,465 [INFO] Epoch: 10 | Batch: 50/606 | Loss: 0.0729 | Acc: 98.16%
2025-08-29 14:06:58,585 [INFO] Epoch: 10 | Batch: 100/606 | Loss: 0.0220 | Acc: 98.61%
2025-08-29 14:07:08,567 [INFO] Epoch: 10 | Batch: 150/606 | Loss: 0.0313 | Acc: 98.57%
2025-08-29 14:07:18,301 [INFO] Epoch: 10 | Batch: 200/606 | Loss: 0.0025 | Acc: 98.54%
2025-08-29 14:07:28,210 [INFO] Epoch: 10 | Batch: 250/606 | Loss: 0.0165 | Acc: 98.49%
2025-08-29 14:07:37,991 [INFO] Epoch: 10 | Batch: 300/606 | Loss: 0.0074 | Acc: 98.49%
2025-08-29 14:07:47,944 [INFO] Epoch: 10 | Batch: 350/606 | Loss: 0.0893 | Acc: 98.54%
2025-08-29 14:07:57,895 [INFO] Epoch: 10 | Batch: 400/606 | Loss: 0.0157 | Acc: 98.51%
2025-08-29 14:08:08,011 [INFO] Epoch: 10 | Batch: 450/606 | Loss: 0.0042 | Acc: 98.54%
2025-08-29 14:08:17,928 [INFO] Epoch: 10 | Batch: 500/606 | Loss: 0.0337 | Acc: 98.57%
2025-08-29 14:08:27,673 [INFO] Epoch: 10 | Batch: 550/606 | Loss: 0.0330 | Acc: 98.51%
2025-08-29 14:08:37,349 [INFO] Epoch: 10 | Batch: 600/606 | Loss: 0.0651 | Acc: 98.50%
2025-08-29 14:08:38,147 [INFO] Epoch 10 completed. Average Loss: 0.0446, Accuracy: 98.50%
2025-08-29 14:09:40,867 [INFO] Validation Epoch 10 completed. Average Loss: 1.3990, Accuracy: 69.64%, F1 Score: 0.70
2025-08-29 14:09:41,270 [INFO] Current learning rate: 1e-05
2025-08-29 14:09:41,271 [INFO] Training completed successfully.
