2025-08-27 13:26:58,405 [INFO] Starting new experiment: Group_Activity_Classifier_V1.0_20250827_132658
2025-08-27 13:26:58,407 [INFO] Using device: cuda. Seed: 42
2025-08-27 13:27:07,207 [INFO] Training dataset size: 2152
2025-08-27 13:27:07,208 [INFO] Validation dataset size: 1341
2025-08-27 13:27:07,209 [INFO] Starting training process
2025-08-27 13:27:07,210 [INFO] 
--- Epoch 1/30 ---
2025-08-27 13:27:13,422 [INFO] Epoch: 1 | Batch: 0/538 | Loss: 2.1492 | Acc: 25.00%
2025-08-27 13:27:53,254 [INFO] Epoch: 1 | Batch: 50/538 | Loss: 2.1423 | Acc: 27.45%
2025-08-27 13:28:35,635 [INFO] Epoch: 1 | Batch: 100/538 | Loss: 1.5039 | Acc: 30.94%
2025-08-27 13:29:17,035 [INFO] Epoch: 1 | Batch: 150/538 | Loss: 1.6249 | Acc: 33.77%
2025-08-27 13:29:59,705 [INFO] Epoch: 1 | Batch: 200/538 | Loss: 1.5171 | Acc: 35.45%
2025-08-27 13:30:41,934 [INFO] Epoch: 1 | Batch: 250/538 | Loss: 1.2159 | Acc: 38.94%
2025-08-27 13:31:24,921 [INFO] Epoch: 1 | Batch: 300/538 | Loss: 1.7058 | Acc: 41.28%
2025-08-27 13:32:05,963 [INFO] Epoch: 1 | Batch: 350/538 | Loss: 1.0010 | Acc: 42.59%
2025-08-27 13:32:48,631 [INFO] Epoch: 1 | Batch: 400/538 | Loss: 1.4982 | Acc: 44.39%
2025-08-27 13:33:30,195 [INFO] Epoch: 1 | Batch: 450/538 | Loss: 1.0321 | Acc: 45.45%
2025-08-27 13:34:12,339 [INFO] Epoch: 1 | Batch: 500/538 | Loss: 1.5500 | Acc: 46.51%
2025-08-27 13:34:42,947 [INFO] Epoch 1 | Train Loss: 1.4941 | Train Acc: 47.21%
2025-08-27 13:38:48,702 [INFO] Epoch 1 | Valid Loss: 1.0777 | Accuracy: 65.03% | F1 Score: 0.6409
2025-08-27 13:38:49,291 [INFO] New best validation accuracy: 65.03%! Saving model...
2025-08-27 13:38:49,887 [INFO] Current learning rate: 0.0001
2025-08-27 13:38:49,888 [INFO] 
--- Epoch 2/30 ---
2025-08-27 13:38:54,896 [INFO] Epoch: 2 | Batch: 0/538 | Loss: 1.0321 | Acc: 75.00%
2025-08-27 13:39:36,206 [INFO] Epoch: 2 | Batch: 50/538 | Loss: 1.0364 | Acc: 64.71%
2025-08-27 13:40:19,559 [INFO] Epoch: 2 | Batch: 100/538 | Loss: 1.7249 | Acc: 62.38%
2025-08-27 13:41:00,189 [INFO] Epoch: 2 | Batch: 150/538 | Loss: 0.7473 | Acc: 64.24%
2025-08-27 13:41:42,957 [INFO] Epoch: 2 | Batch: 200/538 | Loss: 1.3127 | Acc: 62.06%
2025-08-27 13:42:24,292 [INFO] Epoch: 2 | Batch: 250/538 | Loss: 0.9218 | Acc: 62.55%
2025-08-27 13:43:07,363 [INFO] Epoch: 2 | Batch: 300/538 | Loss: 0.8630 | Acc: 61.21%
2025-08-27 13:43:48,958 [INFO] Epoch: 2 | Batch: 350/538 | Loss: 0.7000 | Acc: 61.75%
2025-08-27 13:44:30,937 [INFO] Epoch: 2 | Batch: 400/538 | Loss: 1.1657 | Acc: 62.53%
2025-08-27 13:45:14,030 [INFO] Epoch: 2 | Batch: 450/538 | Loss: 0.5742 | Acc: 63.36%
2025-08-27 13:45:56,984 [INFO] Epoch: 2 | Batch: 500/538 | Loss: 0.7949 | Acc: 62.87%
2025-08-27 13:46:26,801 [INFO] Epoch 2 | Train Loss: 1.0924 | Train Acc: 63.06%
2025-08-27 13:50:32,432 [INFO] Epoch 2 | Valid Loss: 0.9427 | Accuracy: 69.72% | F1 Score: 0.7001
2025-08-27 13:50:33,002 [INFO] New best validation accuracy: 69.72%! Saving model...
2025-08-27 13:50:33,825 [INFO] Current learning rate: 0.0001
2025-08-27 13:50:33,826 [INFO] 
--- Epoch 3/30 ---
2025-08-27 13:50:38,598 [INFO] Epoch: 3 | Batch: 0/538 | Loss: 1.1910 | Acc: 50.00%
2025-08-27 13:51:20,276 [INFO] Epoch: 3 | Batch: 50/538 | Loss: 1.2131 | Acc: 68.63%
2025-08-27 13:52:02,866 [INFO] Epoch: 3 | Batch: 100/538 | Loss: 0.9493 | Acc: 69.06%
2025-08-27 13:52:44,531 [INFO] Epoch: 3 | Batch: 150/538 | Loss: 0.8621 | Acc: 68.54%
2025-08-27 13:53:27,580 [INFO] Epoch: 3 | Batch: 200/538 | Loss: 1.2704 | Acc: 68.91%
2025-08-27 13:54:09,558 [INFO] Epoch: 3 | Batch: 250/538 | Loss: 0.1777 | Acc: 68.82%
2025-08-27 13:54:53,161 [INFO] Epoch: 3 | Batch: 300/538 | Loss: 0.5751 | Acc: 69.27%
2025-08-27 13:55:36,584 [INFO] Epoch: 3 | Batch: 350/538 | Loss: 0.4818 | Acc: 70.37%
2025-08-27 13:56:18,282 [INFO] Epoch: 3 | Batch: 400/538 | Loss: 1.0297 | Acc: 70.07%
2025-08-27 13:57:01,134 [INFO] Epoch: 3 | Batch: 450/538 | Loss: 0.5485 | Acc: 70.18%
2025-08-27 13:57:43,112 [INFO] Epoch: 3 | Batch: 500/538 | Loss: 0.4248 | Acc: 70.71%
2025-08-27 13:58:13,545 [INFO] Epoch 3 | Train Loss: 0.8795 | Train Acc: 71.42%
2025-08-27 14:02:21,880 [INFO] Epoch 3 | Valid Loss: 0.8718 | Accuracy: 70.99% | F1 Score: 0.7134
2025-08-27 14:02:22,444 [INFO] New best validation accuracy: 70.99%! Saving model...
2025-08-27 14:02:23,214 [INFO] Current learning rate: 0.0001
2025-08-27 14:02:23,215 [INFO] 
--- Epoch 4/30 ---
2025-08-27 14:02:27,536 [INFO] Epoch: 4 | Batch: 0/538 | Loss: 1.0201 | Acc: 75.00%
2025-08-27 14:03:09,093 [INFO] Epoch: 4 | Batch: 50/538 | Loss: 1.6064 | Acc: 73.04%
2025-08-27 14:03:51,939 [INFO] Epoch: 4 | Batch: 100/538 | Loss: 0.5237 | Acc: 75.25%
2025-08-27 14:04:34,069 [INFO] Epoch: 4 | Batch: 150/538 | Loss: 0.9604 | Acc: 76.66%
2025-08-27 14:05:15,936 [INFO] Epoch: 4 | Batch: 200/538 | Loss: 0.5812 | Acc: 75.75%
2025-08-27 14:05:58,808 [INFO] Epoch: 4 | Batch: 250/538 | Loss: 0.5400 | Acc: 75.80%
2025-08-27 14:06:41,223 [INFO] Epoch: 4 | Batch: 300/538 | Loss: 0.8189 | Acc: 75.91%
2025-08-27 14:07:24,528 [INFO] Epoch: 4 | Batch: 350/538 | Loss: 0.9139 | Acc: 76.00%
2025-08-27 14:08:06,171 [INFO] Epoch: 4 | Batch: 400/538 | Loss: 0.2494 | Acc: 76.81%
2025-08-27 14:08:49,238 [INFO] Epoch: 4 | Batch: 450/538 | Loss: 1.0907 | Acc: 76.00%
2025-08-27 14:09:31,814 [INFO] Epoch: 4 | Batch: 500/538 | Loss: 1.0472 | Acc: 76.10%
2025-08-27 14:10:01,900 [INFO] Epoch 4 | Train Loss: 0.7665 | Train Acc: 76.30%
2025-08-27 14:14:04,970 [INFO] Epoch 4 | Valid Loss: 0.7172 | Accuracy: 77.18% | F1 Score: 0.7738
2025-08-27 14:14:05,528 [INFO] New best validation accuracy: 77.18%! Saving model...
2025-08-27 14:14:06,322 [INFO] Current learning rate: 0.0001
2025-08-27 14:14:06,324 [INFO] 
--- Epoch 5/30 ---
2025-08-27 14:14:10,662 [INFO] Epoch: 5 | Batch: 0/538 | Loss: 1.3886 | Acc: 25.00%
2025-08-27 14:14:50,875 [INFO] Epoch: 5 | Batch: 50/538 | Loss: 0.1603 | Acc: 75.98%
2025-08-27 14:15:32,050 [INFO] Epoch: 5 | Batch: 100/538 | Loss: 0.2249 | Acc: 78.71%
2025-08-27 14:16:12,549 [INFO] Epoch: 5 | Batch: 150/538 | Loss: 1.0064 | Acc: 78.31%
2025-08-27 14:16:54,176 [INFO] Epoch: 5 | Batch: 200/538 | Loss: 0.4428 | Acc: 78.61%
2025-08-27 14:17:36,631 [INFO] Epoch: 5 | Batch: 250/538 | Loss: 0.4992 | Acc: 78.69%
2025-08-27 14:18:17,878 [INFO] Epoch: 5 | Batch: 300/538 | Loss: 0.6774 | Acc: 79.15%
2025-08-27 14:19:00,282 [INFO] Epoch: 5 | Batch: 350/538 | Loss: 0.3349 | Acc: 79.13%
2025-08-27 14:19:41,043 [INFO] Epoch: 5 | Batch: 400/538 | Loss: 0.4493 | Acc: 78.68%
2025-08-27 14:20:21,814 [INFO] Epoch: 5 | Batch: 450/538 | Loss: 2.0396 | Acc: 78.77%
2025-08-27 14:21:01,881 [INFO] Epoch: 5 | Batch: 500/538 | Loss: 0.5035 | Acc: 78.64%
2025-08-27 14:21:31,662 [INFO] Epoch 5 | Train Loss: 0.6770 | Train Acc: 78.53%
2025-08-27 14:25:33,951 [INFO] Epoch 5 | Valid Loss: 0.6057 | Accuracy: 80.46% | F1 Score: 0.8047
2025-08-27 14:25:34,490 [INFO] New best validation accuracy: 80.46%! Saving model...
2025-08-27 14:25:35,277 [INFO] Current learning rate: 0.0001
2025-08-27 14:25:35,279 [INFO] 
--- Epoch 6/30 ---
2025-08-27 14:25:39,997 [INFO] Epoch: 6 | Batch: 0/538 | Loss: 0.1122 | Acc: 100.00%
2025-08-27 14:26:20,027 [INFO] Epoch: 6 | Batch: 50/538 | Loss: 0.2153 | Acc: 82.35%
2025-08-27 14:27:01,392 [INFO] Epoch: 6 | Batch: 100/538 | Loss: 0.2030 | Acc: 81.93%
2025-08-27 14:27:43,174 [INFO] Epoch: 6 | Batch: 150/538 | Loss: 0.8862 | Acc: 78.97%
2025-08-27 14:28:24,472 [INFO] Epoch: 6 | Batch: 200/538 | Loss: 0.2321 | Acc: 80.72%
2025-08-27 14:29:06,899 [INFO] Epoch: 6 | Batch: 250/538 | Loss: 1.0687 | Acc: 80.68%
2025-08-27 14:29:47,518 [INFO] Epoch: 6 | Batch: 300/538 | Loss: 0.6487 | Acc: 80.81%
2025-08-27 14:30:29,161 [INFO] Epoch: 6 | Batch: 350/538 | Loss: 1.1269 | Acc: 80.48%
2025-08-27 14:31:10,960 [INFO] Epoch: 6 | Batch: 400/538 | Loss: 1.0354 | Acc: 79.93%
2025-08-27 14:31:52,486 [INFO] Epoch: 6 | Batch: 450/538 | Loss: 0.1764 | Acc: 80.10%
2025-08-27 14:32:33,123 [INFO] Epoch: 6 | Batch: 500/538 | Loss: 0.0870 | Acc: 80.44%
2025-08-27 14:33:03,123 [INFO] Epoch 6 | Train Loss: 0.6259 | Train Acc: 80.48%
2025-08-27 14:37:05,225 [INFO] Epoch 6 | Valid Loss: 0.6014 | Accuracy: 79.94% | F1 Score: 0.8005
2025-08-27 14:37:06,060 [INFO] Current learning rate: 0.0001
2025-08-27 14:37:06,061 [INFO] 
--- Epoch 7/30 ---
2025-08-27 14:37:11,004 [INFO] Epoch: 7 | Batch: 0/538 | Loss: 0.9583 | Acc: 50.00%
2025-08-27 14:37:50,776 [INFO] Epoch: 7 | Batch: 50/538 | Loss: 1.0508 | Acc: 80.39%
2025-08-27 14:38:32,451 [INFO] Epoch: 7 | Batch: 100/538 | Loss: 0.2153 | Acc: 79.70%
2025-08-27 14:39:15,297 [INFO] Epoch: 7 | Batch: 150/538 | Loss: 0.3397 | Acc: 79.47%
2025-08-27 14:39:58,662 [INFO] Epoch: 7 | Batch: 200/538 | Loss: 0.2801 | Acc: 78.61%
2025-08-27 14:40:41,180 [INFO] Epoch: 7 | Batch: 250/538 | Loss: 1.1118 | Acc: 79.78%
2025-08-27 14:41:22,557 [INFO] Epoch: 7 | Batch: 300/538 | Loss: 0.1835 | Acc: 80.48%
2025-08-27 14:42:04,198 [INFO] Epoch: 7 | Batch: 350/538 | Loss: 1.1795 | Acc: 80.27%
2025-08-27 14:42:46,678 [INFO] Epoch: 7 | Batch: 400/538 | Loss: 0.2889 | Acc: 81.17%
2025-08-27 14:43:28,842 [INFO] Epoch: 7 | Batch: 450/538 | Loss: 0.5171 | Acc: 81.65%
2025-08-27 14:44:10,127 [INFO] Epoch: 7 | Batch: 500/538 | Loss: 0.1246 | Acc: 82.04%
2025-08-27 14:44:40,246 [INFO] Epoch 7 | Train Loss: 0.5757 | Train Acc: 82.20%
2025-08-27 14:48:43,453 [INFO] Epoch 7 | Valid Loss: 0.6150 | Accuracy: 79.94% | F1 Score: 0.8010
2025-08-27 14:48:44,273 [INFO] Current learning rate: 0.0001
2025-08-27 14:48:44,274 [INFO] 
--- Epoch 8/30 ---
2025-08-27 14:48:49,234 [INFO] Epoch: 8 | Batch: 0/538 | Loss: 0.2048 | Acc: 100.00%
2025-08-27 14:49:29,137 [INFO] Epoch: 8 | Batch: 50/538 | Loss: 0.1512 | Acc: 82.35%
2025-08-27 14:50:11,106 [INFO] Epoch: 8 | Batch: 100/538 | Loss: 0.2404 | Acc: 84.16%
2025-08-27 14:50:52,008 [INFO] Epoch: 8 | Batch: 150/538 | Loss: 0.5529 | Acc: 83.77%
2025-08-27 14:51:34,860 [INFO] Epoch: 8 | Batch: 200/538 | Loss: 1.7213 | Acc: 85.45%
2025-08-27 14:52:16,516 [INFO] Epoch: 8 | Batch: 250/538 | Loss: 1.4024 | Acc: 83.96%
2025-08-27 14:52:59,155 [INFO] Epoch: 8 | Batch: 300/538 | Loss: 0.3807 | Acc: 82.97%
2025-08-27 14:53:40,601 [INFO] Epoch: 8 | Batch: 350/538 | Loss: 0.3276 | Acc: 82.76%
2025-08-27 14:54:22,387 [INFO] Epoch: 8 | Batch: 400/538 | Loss: 0.1551 | Acc: 83.23%
2025-08-27 14:55:03,435 [INFO] Epoch: 8 | Batch: 450/538 | Loss: 0.2283 | Acc: 83.48%
2025-08-27 14:55:45,384 [INFO] Epoch: 8 | Batch: 500/538 | Loss: 0.1592 | Acc: 83.43%
2025-08-27 14:56:14,549 [INFO] Epoch 8 | Train Loss: 0.5365 | Train Acc: 83.18%
2025-08-27 15:00:22,626 [INFO] Epoch 8 | Valid Loss: 0.5726 | Accuracy: 81.66% | F1 Score: 0.8185
2025-08-27 15:00:23,171 [INFO] New best validation accuracy: 81.66%! Saving model...
2025-08-27 15:00:23,972 [INFO] Current learning rate: 0.0001
2025-08-27 15:00:23,973 [INFO] 
--- Epoch 9/30 ---
2025-08-27 15:00:28,844 [INFO] Epoch: 9 | Batch: 0/538 | Loss: 1.0372 | Acc: 75.00%
2025-08-27 15:01:10,301 [INFO] Epoch: 9 | Batch: 50/538 | Loss: 0.0915 | Acc: 84.31%
2025-08-27 15:01:52,594 [INFO] Epoch: 9 | Batch: 100/538 | Loss: 0.4365 | Acc: 84.16%
2025-08-27 15:02:35,445 [INFO] Epoch: 9 | Batch: 150/538 | Loss: 0.4189 | Acc: 83.77%
2025-08-27 15:03:19,828 [INFO] Epoch: 9 | Batch: 200/538 | Loss: 1.4266 | Acc: 84.33%
2025-08-27 15:04:01,407 [INFO] Epoch: 9 | Batch: 250/538 | Loss: 0.7644 | Acc: 84.86%
2025-08-27 15:04:44,343 [INFO] Epoch: 9 | Batch: 300/538 | Loss: 0.1776 | Acc: 84.97%
2025-08-27 15:05:26,827 [INFO] Epoch: 9 | Batch: 350/538 | Loss: 0.0856 | Acc: 84.62%
2025-08-27 15:06:10,272 [INFO] Epoch: 9 | Batch: 400/538 | Loss: 0.3111 | Acc: 84.66%
2025-08-27 15:06:52,615 [INFO] Epoch: 9 | Batch: 450/538 | Loss: 0.3698 | Acc: 84.42%
2025-08-27 15:07:35,202 [INFO] Epoch: 9 | Batch: 500/538 | Loss: 0.0420 | Acc: 84.48%
2025-08-27 15:08:04,613 [INFO] Epoch 9 | Train Loss: 0.5147 | Train Acc: 84.15%
2025-08-27 15:12:10,884 [INFO] Epoch 9 | Valid Loss: 0.6513 | Accuracy: 79.19% | F1 Score: 0.7959
2025-08-27 15:12:11,719 [INFO] Current learning rate: 0.0001
2025-08-27 15:12:11,719 [INFO] 
--- Epoch 10/30 ---
2025-08-27 15:12:16,347 [INFO] Epoch: 10 | Batch: 0/538 | Loss: 1.6211 | Acc: 75.00%
2025-08-27 15:12:57,679 [INFO] Epoch: 10 | Batch: 50/538 | Loss: 0.1480 | Acc: 88.24%
2025-08-27 15:13:40,433 [INFO] Epoch: 10 | Batch: 100/538 | Loss: 0.2468 | Acc: 86.88%
2025-08-27 15:14:22,331 [INFO] Epoch: 10 | Batch: 150/538 | Loss: 0.2398 | Acc: 85.43%
2025-08-27 15:15:05,392 [INFO] Epoch: 10 | Batch: 200/538 | Loss: 0.4878 | Acc: 85.20%
2025-08-27 15:15:46,557 [INFO] Epoch: 10 | Batch: 250/538 | Loss: 0.4890 | Acc: 86.35%
2025-08-27 15:16:29,500 [INFO] Epoch: 10 | Batch: 300/538 | Loss: 2.6682 | Acc: 85.71%
2025-08-27 15:17:12,444 [INFO] Epoch: 10 | Batch: 350/538 | Loss: 0.0852 | Acc: 85.83%
2025-08-27 15:17:55,701 [INFO] Epoch: 10 | Batch: 400/538 | Loss: 0.0950 | Acc: 85.97%
2025-08-27 15:18:40,208 [INFO] Epoch: 10 | Batch: 450/538 | Loss: 0.0543 | Acc: 86.09%
2025-08-27 15:19:23,360 [INFO] Epoch: 10 | Batch: 500/538 | Loss: 0.1342 | Acc: 86.38%
2025-08-27 15:19:54,865 [INFO] Epoch 10 | Train Loss: 0.4515 | Train Acc: 86.34%
2025-08-27 15:24:13,505 [INFO] Epoch 10 | Valid Loss: 0.5360 | Accuracy: 83.00% | F1 Score: 0.8310
2025-08-27 15:24:14,062 [INFO] New best validation accuracy: 83.00%! Saving model...
2025-08-27 15:24:14,883 [INFO] Current learning rate: 0.0001
2025-08-27 15:24:14,884 [INFO] 
--- Epoch 11/30 ---
2025-08-27 15:24:19,547 [INFO] Epoch: 11 | Batch: 0/538 | Loss: 0.0612 | Acc: 100.00%
2025-08-27 15:25:04,524 [INFO] Epoch: 11 | Batch: 50/538 | Loss: 0.2889 | Acc: 87.75%
2025-08-27 15:25:49,503 [INFO] Epoch: 11 | Batch: 100/538 | Loss: 0.6720 | Acc: 87.87%
2025-08-27 15:26:35,237 [INFO] Epoch: 11 | Batch: 150/538 | Loss: 0.3624 | Acc: 87.58%
2025-08-27 15:27:18,468 [INFO] Epoch: 11 | Batch: 200/538 | Loss: 0.5364 | Acc: 88.18%
2025-08-27 15:28:03,453 [INFO] Epoch: 11 | Batch: 250/538 | Loss: 1.1090 | Acc: 87.75%
2025-08-27 15:28:45,906 [INFO] Epoch: 11 | Batch: 300/538 | Loss: 0.5641 | Acc: 87.62%
2025-08-27 15:29:30,857 [INFO] Epoch: 11 | Batch: 350/538 | Loss: 0.0898 | Acc: 87.04%
2025-08-27 15:30:15,109 [INFO] Epoch: 11 | Batch: 400/538 | Loss: 0.3731 | Acc: 86.47%
2025-08-27 15:30:59,320 [INFO] Epoch: 11 | Batch: 450/538 | Loss: 0.0477 | Acc: 86.92%
2025-08-27 15:31:42,372 [INFO] Epoch: 11 | Batch: 500/538 | Loss: 0.3861 | Acc: 86.78%
2025-08-27 15:32:14,052 [INFO] Epoch 11 | Train Loss: 0.4147 | Train Acc: 86.90%
2025-08-27 15:36:31,086 [INFO] Epoch 11 | Valid Loss: 0.5740 | Accuracy: 81.28% | F1 Score: 0.8151
2025-08-27 15:36:31,960 [INFO] Current learning rate: 0.0001
2025-08-27 15:36:31,961 [INFO] 
--- Epoch 12/30 ---
2025-08-27 15:36:37,206 [INFO] Epoch: 12 | Batch: 0/538 | Loss: 1.1970 | Acc: 50.00%
2025-08-27 15:37:20,621 [INFO] Epoch: 12 | Batch: 50/538 | Loss: 0.4493 | Acc: 83.33%
2025-08-27 15:38:05,036 [INFO] Epoch: 12 | Batch: 100/538 | Loss: 0.5395 | Acc: 84.16%
