2025-08-26 21:59:49,478 [INFO] Starting new experiment: Group_Activity_Classifier_V1.0_20250826_215949
2025-08-26 21:59:49,480 [INFO] Using device: cuda. Seed: 42
2025-08-26 22:00:00,052 [INFO] Training dataset size: 19368
2025-08-26 22:00:00,052 [INFO] Validation dataset size: 12069
2025-08-26 22:00:00,053 [INFO] Starting training process
2025-08-26 22:00:00,054 [INFO] 
--- Epoch 1/20 ---
2025-08-26 22:00:04,333 [INFO] Epoch: 1 | Batch: 0/606 | Loss: 2.2234 | Acc: 9.38%
2025-08-26 22:00:31,645 [INFO] Epoch: 1 | Batch: 50/606 | Loss: 1.1071 | Acc: 47.12%
2025-08-26 22:01:01,618 [INFO] Epoch: 1 | Batch: 100/606 | Loss: 0.8004 | Acc: 55.32%
2025-08-26 22:01:30,104 [INFO] Epoch: 1 | Batch: 150/606 | Loss: 0.9803 | Acc: 60.31%
2025-08-26 22:01:58,428 [INFO] Epoch: 1 | Batch: 200/606 | Loss: 0.5809 | Acc: 64.04%
2025-08-26 22:02:27,231 [INFO] Epoch: 1 | Batch: 250/606 | Loss: 0.5706 | Acc: 66.60%
2025-08-26 22:02:55,798 [INFO] Epoch: 1 | Batch: 300/606 | Loss: 0.5032 | Acc: 68.38%
2025-08-26 22:03:24,683 [INFO] Epoch: 1 | Batch: 350/606 | Loss: 0.6519 | Acc: 70.19%
2025-08-26 22:03:53,599 [INFO] Epoch: 1 | Batch: 400/606 | Loss: 0.7255 | Acc: 71.35%
2025-08-26 22:04:22,665 [INFO] Epoch: 1 | Batch: 450/606 | Loss: 0.4494 | Acc: 72.59%
2025-08-26 22:04:51,745 [INFO] Epoch: 1 | Batch: 500/606 | Loss: 0.4731 | Acc: 73.62%
2025-08-26 22:05:20,422 [INFO] Epoch: 1 | Batch: 550/606 | Loss: 0.4545 | Acc: 74.57%
2025-08-26 22:05:49,402 [INFO] Epoch: 1 | Batch: 600/606 | Loss: 0.6014 | Acc: 75.40%
2025-08-26 22:05:51,704 [INFO] Epoch 1 | Train Loss: 0.7220 | Train Acc: 75.44%
2025-08-26 22:08:56,513 [INFO] Epoch 1 | Valid Loss: 0.7958 | Accuracy: 71.20% | F1 Score: 0.7135
2025-08-26 22:08:56,985 [INFO] New best validation accuracy: 71.20%! Saving model...
2025-08-26 22:08:57,305 [INFO] Current learning rate: 0.0001
2025-08-26 22:08:57,306 [INFO] 
--- Epoch 2/20 ---
2025-08-26 22:09:01,234 [INFO] Epoch: 2 | Batch: 0/606 | Loss: 0.3512 | Acc: 90.62%
2025-08-26 22:09:28,564 [INFO] Epoch: 2 | Batch: 50/606 | Loss: 0.2675 | Acc: 85.17%
2025-08-26 22:09:57,511 [INFO] Epoch: 2 | Batch: 100/606 | Loss: 0.6341 | Acc: 85.21%
2025-08-26 22:10:26,507 [INFO] Epoch: 2 | Batch: 150/606 | Loss: 0.5958 | Acc: 85.20%
2025-08-26 22:10:55,439 [INFO] Epoch: 2 | Batch: 200/606 | Loss: 0.3879 | Acc: 85.26%
2025-08-26 22:11:24,463 [INFO] Epoch: 2 | Batch: 250/606 | Loss: 0.4740 | Acc: 85.64%
2025-08-26 22:11:53,717 [INFO] Epoch: 2 | Batch: 300/606 | Loss: 0.3945 | Acc: 85.91%
2025-08-26 22:12:21,953 [INFO] Epoch: 2 | Batch: 350/606 | Loss: 0.2271 | Acc: 86.17%
2025-08-26 22:12:50,973 [INFO] Epoch: 2 | Batch: 400/606 | Loss: 0.4605 | Acc: 86.42%
2025-08-26 22:13:19,830 [INFO] Epoch: 2 | Batch: 450/606 | Loss: 0.3220 | Acc: 86.65%
2025-08-26 22:13:48,374 [INFO] Epoch: 2 | Batch: 500/606 | Loss: 0.5301 | Acc: 86.71%
2025-08-26 22:14:17,347 [INFO] Epoch: 2 | Batch: 550/606 | Loss: 0.3255 | Acc: 86.83%
2025-08-26 22:14:46,256 [INFO] Epoch: 2 | Batch: 600/606 | Loss: 0.3270 | Acc: 87.01%
2025-08-26 22:14:48,559 [INFO] Epoch 2 | Train Loss: 0.4128 | Train Acc: 87.03%
2025-08-26 22:17:55,518 [INFO] Epoch 2 | Valid Loss: 0.7032 | Accuracy: 74.24% | F1 Score: 0.7423
2025-08-26 22:17:55,995 [INFO] New best validation accuracy: 74.24%! Saving model...
2025-08-26 22:17:56,433 [INFO] Current learning rate: 0.0001
2025-08-26 22:17:56,434 [INFO] 
--- Epoch 3/20 ---
2025-08-26 22:17:59,985 [INFO] Epoch: 3 | Batch: 0/606 | Loss: 0.3872 | Acc: 81.25%
2025-08-26 22:18:28,678 [INFO] Epoch: 3 | Batch: 50/606 | Loss: 0.2849 | Acc: 89.40%
2025-08-26 22:18:57,635 [INFO] Epoch: 3 | Batch: 100/606 | Loss: 0.5456 | Acc: 89.60%
2025-08-26 22:19:26,670 [INFO] Epoch: 3 | Batch: 150/606 | Loss: 0.2590 | Acc: 90.05%
2025-08-26 22:19:55,594 [INFO] Epoch: 3 | Batch: 200/606 | Loss: 0.2225 | Acc: 90.10%
2025-08-26 22:20:24,541 [INFO] Epoch: 3 | Batch: 250/606 | Loss: 0.1762 | Acc: 90.14%
2025-08-26 22:20:53,046 [INFO] Epoch: 3 | Batch: 300/606 | Loss: 0.2049 | Acc: 90.05%
2025-08-26 22:21:21,531 [INFO] Epoch: 3 | Batch: 350/606 | Loss: 0.2219 | Acc: 90.14%
2025-08-26 22:21:49,851 [INFO] Epoch: 3 | Batch: 400/606 | Loss: 0.3640 | Acc: 90.21%
2025-08-26 22:22:18,622 [INFO] Epoch: 3 | Batch: 450/606 | Loss: 0.2841 | Acc: 90.29%
2025-08-26 22:22:46,250 [INFO] Epoch: 3 | Batch: 500/606 | Loss: 0.1431 | Acc: 90.32%
2025-08-26 22:23:15,026 [INFO] Epoch: 3 | Batch: 550/606 | Loss: 0.4629 | Acc: 90.37%
2025-08-26 22:23:43,445 [INFO] Epoch: 3 | Batch: 600/606 | Loss: 0.3488 | Acc: 90.38%
2025-08-26 22:23:45,753 [INFO] Epoch 3 | Train Loss: 0.3070 | Train Acc: 90.39%
2025-08-26 22:26:49,958 [INFO] Epoch 3 | Valid Loss: 0.7081 | Accuracy: 74.40% | F1 Score: 0.7418
2025-08-26 22:26:50,463 [INFO] New best validation accuracy: 74.40%! Saving model...
2025-08-26 22:26:50,904 [INFO] Current learning rate: 0.0001
2025-08-26 22:26:50,905 [INFO] 
--- Epoch 4/20 ---
2025-08-26 22:26:54,518 [INFO] Epoch: 4 | Batch: 0/606 | Loss: 0.2645 | Acc: 96.88%
2025-08-26 22:27:22,355 [INFO] Epoch: 4 | Batch: 50/606 | Loss: 0.2793 | Acc: 92.16%
2025-08-26 22:27:51,359 [INFO] Epoch: 4 | Batch: 100/606 | Loss: 0.3993 | Acc: 91.34%
2025-08-26 22:28:20,595 [INFO] Epoch: 4 | Batch: 150/606 | Loss: 0.3349 | Acc: 91.74%
2025-08-26 22:28:49,806 [INFO] Epoch: 4 | Batch: 200/606 | Loss: 0.3134 | Acc: 91.90%
2025-08-26 22:29:18,955 [INFO] Epoch: 4 | Batch: 250/606 | Loss: 0.1440 | Acc: 91.91%
2025-08-26 22:29:47,285 [INFO] Epoch: 4 | Batch: 300/606 | Loss: 0.3324 | Acc: 92.05%
2025-08-26 22:30:15,340 [INFO] Epoch: 4 | Batch: 350/606 | Loss: 0.2383 | Acc: 92.04%
2025-08-26 22:30:43,691 [INFO] Epoch: 4 | Batch: 400/606 | Loss: 0.2448 | Acc: 91.98%
2025-08-26 22:31:12,319 [INFO] Epoch: 4 | Batch: 450/606 | Loss: 0.2009 | Acc: 91.96%
2025-08-26 22:31:41,251 [INFO] Epoch: 4 | Batch: 500/606 | Loss: 0.2555 | Acc: 91.97%
2025-08-26 22:32:09,673 [INFO] Epoch: 4 | Batch: 550/606 | Loss: 0.0790 | Acc: 92.05%
2025-08-26 22:32:37,937 [INFO] Epoch: 4 | Batch: 600/606 | Loss: 0.1525 | Acc: 92.14%
2025-08-26 22:32:40,267 [INFO] Epoch 4 | Train Loss: 0.2484 | Train Acc: 92.15%
2025-08-26 22:35:44,507 [INFO] Epoch 4 | Valid Loss: 0.7262 | Accuracy: 74.79% | F1 Score: 0.7504
2025-08-26 22:35:45,022 [INFO] New best validation accuracy: 74.79%! Saving model...
2025-08-26 22:35:45,462 [INFO] Current learning rate: 0.0001
2025-08-26 22:35:45,463 [INFO] 
--- Epoch 5/20 ---
2025-08-26 22:35:48,781 [INFO] Epoch: 5 | Batch: 0/606 | Loss: 0.0851 | Acc: 100.00%
2025-08-26 22:36:17,703 [INFO] Epoch: 5 | Batch: 50/606 | Loss: 0.3270 | Acc: 94.55%
2025-08-26 22:36:46,768 [INFO] Epoch: 5 | Batch: 100/606 | Loss: 0.2673 | Acc: 93.87%
2025-08-26 22:37:15,695 [INFO] Epoch: 5 | Batch: 150/606 | Loss: 0.1924 | Acc: 93.87%
2025-08-26 22:37:44,853 [INFO] Epoch: 5 | Batch: 200/606 | Loss: 0.0842 | Acc: 93.77%
2025-08-26 22:38:13,500 [INFO] Epoch: 5 | Batch: 250/606 | Loss: 0.1623 | Acc: 93.82%
2025-08-26 22:38:42,589 [INFO] Epoch: 5 | Batch: 300/606 | Loss: 0.1679 | Acc: 93.71%
2025-08-26 22:39:11,228 [INFO] Epoch: 5 | Batch: 350/606 | Loss: 0.1732 | Acc: 93.69%
2025-08-26 22:39:40,442 [INFO] Epoch: 5 | Batch: 400/606 | Loss: 0.1302 | Acc: 93.73%
2025-08-26 22:40:09,774 [INFO] Epoch: 5 | Batch: 450/606 | Loss: 0.1875 | Acc: 93.69%
2025-08-26 22:40:38,717 [INFO] Epoch: 5 | Batch: 500/606 | Loss: 0.1849 | Acc: 93.74%
2025-08-26 22:41:07,978 [INFO] Epoch: 5 | Batch: 550/606 | Loss: 0.3672 | Acc: 93.72%
2025-08-26 22:41:37,396 [INFO] Epoch: 5 | Batch: 600/606 | Loss: 0.1372 | Acc: 93.76%
2025-08-26 22:41:39,682 [INFO] Epoch 5 | Train Loss: 0.2104 | Train Acc: 93.74%
2025-08-26 22:44:44,304 [INFO] Epoch 5 | Valid Loss: 0.7402 | Accuracy: 74.75% | F1 Score: 0.7490
2025-08-26 22:44:44,936 [INFO] Current learning rate: 0.0001
2025-08-26 22:44:44,936 [INFO] 
--- Epoch 6/20 ---
2025-08-26 22:44:48,442 [INFO] Epoch: 6 | Batch: 0/606 | Loss: 0.2554 | Acc: 93.75%
2025-08-26 22:45:17,154 [INFO] Epoch: 6 | Batch: 50/606 | Loss: 0.1974 | Acc: 94.30%
2025-08-26 22:45:46,052 [INFO] Epoch: 6 | Batch: 100/606 | Loss: 0.1545 | Acc: 94.49%
2025-08-26 22:46:14,713 [INFO] Epoch: 6 | Batch: 150/606 | Loss: 0.2106 | Acc: 94.47%
2025-08-26 22:46:42,609 [INFO] Epoch: 6 | Batch: 200/606 | Loss: 0.1050 | Acc: 94.68%
2025-08-26 22:47:11,018 [INFO] Epoch: 6 | Batch: 250/606 | Loss: 0.2130 | Acc: 94.55%
2025-08-26 22:47:39,786 [INFO] Epoch: 6 | Batch: 300/606 | Loss: 0.2018 | Acc: 94.52%
2025-08-26 22:48:09,286 [INFO] Epoch: 6 | Batch: 350/606 | Loss: 0.2909 | Acc: 94.56%
2025-08-26 22:48:38,157 [INFO] Epoch: 6 | Batch: 400/606 | Loss: 0.2023 | Acc: 94.59%
2025-08-26 22:49:07,760 [INFO] Epoch: 6 | Batch: 450/606 | Loss: 0.2118 | Acc: 94.53%
2025-08-26 22:49:36,841 [INFO] Epoch: 6 | Batch: 500/606 | Loss: 0.2397 | Acc: 94.45%
2025-08-26 22:50:05,740 [INFO] Epoch: 6 | Batch: 550/606 | Loss: 0.1635 | Acc: 94.53%
2025-08-26 22:50:34,482 [INFO] Epoch: 6 | Batch: 600/606 | Loss: 0.1096 | Acc: 94.50%
2025-08-26 22:50:36,793 [INFO] Epoch 6 | Train Loss: 0.1826 | Train Acc: 94.49%
2025-08-26 22:53:42,779 [INFO] Epoch 6 | Valid Loss: 0.7471 | Accuracy: 74.79% | F1 Score: 0.7492
2025-08-26 22:53:43,417 [INFO] Current learning rate: 0.0001
2025-08-26 22:53:43,417 [INFO] 
--- Epoch 7/20 ---
2025-08-26 22:53:46,965 [INFO] Epoch: 7 | Batch: 0/606 | Loss: 0.0772 | Acc: 100.00%
2025-08-26 22:54:15,792 [INFO] Epoch: 7 | Batch: 50/606 | Loss: 0.0840 | Acc: 94.49%
2025-08-26 22:54:44,726 [INFO] Epoch: 7 | Batch: 100/606 | Loss: 0.0949 | Acc: 94.74%
2025-08-26 22:55:13,442 [INFO] Epoch: 7 | Batch: 150/606 | Loss: 0.1617 | Acc: 95.20%
2025-08-26 22:55:42,588 [INFO] Epoch: 7 | Batch: 200/606 | Loss: 0.1363 | Acc: 95.09%
2025-08-26 22:56:10,935 [INFO] Epoch: 7 | Batch: 250/606 | Loss: 0.1544 | Acc: 95.36%
2025-08-26 22:56:39,264 [INFO] Epoch: 7 | Batch: 300/606 | Loss: 0.1244 | Acc: 95.26%
2025-08-26 22:57:08,093 [INFO] Epoch: 7 | Batch: 350/606 | Loss: 0.2155 | Acc: 95.15%
2025-08-26 22:57:36,753 [INFO] Epoch: 7 | Batch: 400/606 | Loss: 0.1903 | Acc: 95.10%
2025-08-26 22:58:05,358 [INFO] Epoch: 7 | Batch: 450/606 | Loss: 0.1653 | Acc: 95.11%
2025-08-26 22:58:34,109 [INFO] Epoch: 7 | Batch: 500/606 | Loss: 0.1560 | Acc: 95.11%
2025-08-26 22:59:02,810 [INFO] Epoch: 7 | Batch: 550/606 | Loss: 0.2434 | Acc: 95.09%
2025-08-26 22:59:31,423 [INFO] Epoch: 7 | Batch: 600/606 | Loss: 0.1752 | Acc: 95.12%
2025-08-26 22:59:33,730 [INFO] Epoch 7 | Train Loss: 0.1632 | Train Acc: 95.12%
2025-08-26 23:02:38,558 [INFO] Epoch 7 | Valid Loss: 0.7662 | Accuracy: 74.94% | F1 Score: 0.7495
2025-08-26 23:02:39,023 [INFO] New best validation accuracy: 74.94%! Saving model...
2025-08-26 23:02:39,476 [INFO] Current learning rate: 0.0001
2025-08-26 23:02:39,477 [INFO] 
--- Epoch 8/20 ---
2025-08-26 23:02:43,296 [INFO] Epoch: 8 | Batch: 0/606 | Loss: 0.1485 | Acc: 90.62%
2025-08-26 23:03:11,548 [INFO] Epoch: 8 | Batch: 50/606 | Loss: 0.1041 | Acc: 95.77%
2025-08-26 23:03:41,067 [INFO] Epoch: 8 | Batch: 100/606 | Loss: 0.0599 | Acc: 95.36%
2025-08-26 23:04:09,334 [INFO] Epoch: 8 | Batch: 150/606 | Loss: 0.2376 | Acc: 95.53%
2025-08-26 23:04:37,891 [INFO] Epoch: 8 | Batch: 200/606 | Loss: 0.2040 | Acc: 95.55%
2025-08-26 23:05:06,636 [INFO] Epoch: 8 | Batch: 250/606 | Loss: 0.1442 | Acc: 95.62%
2025-08-26 23:05:35,682 [INFO] Epoch: 8 | Batch: 300/606 | Loss: 0.1748 | Acc: 95.65%
2025-08-26 23:06:04,244 [INFO] Epoch: 8 | Batch: 350/606 | Loss: 0.1049 | Acc: 95.61%
2025-08-26 23:06:32,997 [INFO] Epoch: 8 | Batch: 400/606 | Loss: 0.1996 | Acc: 95.61%
2025-08-26 23:07:01,571 [INFO] Epoch: 8 | Batch: 450/606 | Loss: 0.1139 | Acc: 95.72%
2025-08-26 23:07:30,180 [INFO] Epoch: 8 | Batch: 500/606 | Loss: 0.1253 | Acc: 95.68%
2025-08-26 23:07:59,197 [INFO] Epoch: 8 | Batch: 550/606 | Loss: 0.1317 | Acc: 95.60%
2025-08-26 23:08:27,410 [INFO] Epoch: 8 | Batch: 600/606 | Loss: 0.0937 | Acc: 95.58%
2025-08-26 23:08:29,733 [INFO] Epoch 8 | Train Loss: 0.1453 | Train Acc: 95.60%
2025-08-26 23:11:35,940 [INFO] Epoch 8 | Valid Loss: 0.7718 | Accuracy: 75.07% | F1 Score: 0.7508
2025-08-26 23:11:36,412 [INFO] New best validation accuracy: 75.07%! Saving model...
2025-08-26 23:11:36,847 [INFO] Current learning rate: 1e-05
2025-08-26 23:11:36,848 [INFO] 
--- Epoch 9/20 ---
2025-08-26 23:11:40,649 [INFO] Epoch: 9 | Batch: 0/606 | Loss: 0.1279 | Acc: 96.88%
2025-08-26 23:12:08,674 [INFO] Epoch: 9 | Batch: 50/606 | Loss: 0.1969 | Acc: 95.59%
2025-08-26 23:12:37,756 [INFO] Epoch: 9 | Batch: 100/606 | Loss: 0.0833 | Acc: 96.04%
2025-08-26 23:13:06,707 [INFO] Epoch: 9 | Batch: 150/606 | Loss: 0.1212 | Acc: 96.30%
2025-08-26 23:13:34,559 [INFO] Epoch: 9 | Batch: 200/606 | Loss: 0.1559 | Acc: 96.24%
2025-08-26 23:14:03,624 [INFO] Epoch: 9 | Batch: 250/606 | Loss: 0.0814 | Acc: 96.23%
2025-08-26 23:14:32,232 [INFO] Epoch: 9 | Batch: 300/606 | Loss: 0.0848 | Acc: 96.31%
2025-08-26 23:15:01,276 [INFO] Epoch: 9 | Batch: 350/606 | Loss: 0.0572 | Acc: 96.31%
2025-08-26 23:15:30,360 [INFO] Epoch: 9 | Batch: 400/606 | Loss: 0.0272 | Acc: 96.35%
2025-08-26 23:15:58,994 [INFO] Epoch: 9 | Batch: 450/606 | Loss: 0.1241 | Acc: 96.39%
2025-08-26 23:16:27,372 [INFO] Epoch: 9 | Batch: 500/606 | Loss: 0.0797 | Acc: 96.39%
2025-08-26 23:16:56,133 [INFO] Epoch: 9 | Batch: 550/606 | Loss: 0.1030 | Acc: 96.50%
2025-08-26 23:17:24,604 [INFO] Epoch: 9 | Batch: 600/606 | Loss: 0.0962 | Acc: 96.51%
2025-08-26 23:17:26,931 [INFO] Epoch 9 | Train Loss: 0.1224 | Train Acc: 96.50%
2025-08-26 23:20:31,020 [INFO] Epoch 9 | Valid Loss: 0.7586 | Accuracy: 75.51% | F1 Score: 0.7543
2025-08-26 23:20:31,535 [INFO] New best validation accuracy: 75.51%! Saving model...
2025-08-26 23:20:31,976 [INFO] Current learning rate: 1e-05
2025-08-26 23:20:31,976 [INFO] 
--- Epoch 10/20 ---
2025-08-26 23:20:35,786 [INFO] Epoch: 10 | Batch: 0/606 | Loss: 0.0992 | Acc: 96.88%
2025-08-26 23:21:03,972 [INFO] Epoch: 10 | Batch: 50/606 | Loss: 0.1903 | Acc: 96.57%
2025-08-26 23:21:32,354 [INFO] Epoch: 10 | Batch: 100/606 | Loss: 0.0728 | Acc: 96.94%
2025-08-26 23:22:02,272 [INFO] Epoch: 10 | Batch: 150/606 | Loss: 0.1403 | Acc: 96.75%
2025-08-26 23:22:31,452 [INFO] Epoch: 10 | Batch: 200/606 | Loss: 0.0264 | Acc: 96.74%
2025-08-26 23:22:59,997 [INFO] Epoch: 10 | Batch: 250/606 | Loss: 0.0596 | Acc: 96.70%
2025-08-26 23:23:29,297 [INFO] Epoch: 10 | Batch: 300/606 | Loss: 0.2719 | Acc: 96.67%
2025-08-26 23:23:57,641 [INFO] Epoch: 10 | Batch: 350/606 | Loss: 0.0763 | Acc: 96.65%
2025-08-26 23:24:25,580 [INFO] Epoch: 10 | Batch: 400/606 | Loss: 0.0870 | Acc: 96.71%
2025-08-26 23:24:54,212 [INFO] Epoch: 10 | Batch: 450/606 | Loss: 0.2286 | Acc: 96.81%
2025-08-26 23:25:22,674 [INFO] Epoch: 10 | Batch: 500/606 | Loss: 0.1370 | Acc: 96.88%
2025-08-26 23:25:51,119 [INFO] Epoch: 10 | Batch: 550/606 | Loss: 0.2125 | Acc: 96.91%
2025-08-26 23:26:18,688 [INFO] Epoch: 10 | Batch: 600/606 | Loss: 0.0864 | Acc: 96.90%
2025-08-26 23:26:20,995 [INFO] Epoch 10 | Train Loss: 0.1109 | Train Acc: 96.91%
2025-08-26 23:29:22,971 [INFO] Epoch 10 | Valid Loss: 0.7643 | Accuracy: 75.12% | F1 Score: 0.7512
2025-08-26 23:29:23,607 [INFO] Current learning rate: 1e-05
2025-08-26 23:29:23,608 [INFO] 
--- Epoch 11/20 ---
2025-08-26 23:29:27,271 [INFO] Epoch: 11 | Batch: 0/606 | Loss: 0.1483 | Acc: 93.75%
