2025-08-29 15:23:54,665 [INFO] Starting new experiment: GroupActivity_Classifier_B3_V1.0_20250829_152354
2025-08-29 15:23:54,667 [INFO] Using device: cuda. Seed: 42
2025-08-29 15:24:02,747 [INFO] Training dataset size: 19368
2025-08-29 15:24:02,747 [INFO] Validation dataset size: 12069
2025-08-29 15:24:02,748 [INFO] Starting training process...
2025-08-29 15:24:02,749 [INFO] 
--- Epoch 1/10 ---
2025-08-29 15:24:08,065 [INFO] Epoch: 1 | Batch: 0/606 | Loss: 2.2214 | Acc: 15.62%
2025-08-29 15:24:36,515 [INFO] Epoch: 1 | Batch: 50/606 | Loss: 1.1981 | Acc: 47.37%
2025-08-29 15:25:06,917 [INFO] Epoch: 1 | Batch: 100/606 | Loss: 0.8628 | Acc: 56.00%
2025-08-29 15:25:37,069 [INFO] Epoch: 1 | Batch: 150/606 | Loss: 0.8588 | Acc: 60.58%
2025-08-29 15:26:06,977 [INFO] Epoch: 1 | Batch: 200/606 | Loss: 0.8278 | Acc: 63.22%
2025-08-29 15:26:37,220 [INFO] Epoch: 1 | Batch: 250/606 | Loss: 0.7073 | Acc: 65.69%
2025-08-29 15:27:07,472 [INFO] Epoch: 1 | Batch: 300/606 | Loss: 0.6647 | Acc: 67.50%
2025-08-29 15:27:37,801 [INFO] Epoch: 1 | Batch: 350/606 | Loss: 0.7686 | Acc: 69.20%
2025-08-29 15:28:08,350 [INFO] Epoch: 1 | Batch: 400/606 | Loss: 0.7814 | Acc: 70.53%
2025-08-29 15:28:38,407 [INFO] Epoch: 1 | Batch: 450/606 | Loss: 0.6238 | Acc: 71.63%
2025-08-29 15:29:07,730 [INFO] Epoch: 1 | Batch: 500/606 | Loss: 0.7238 | Acc: 72.68%
2025-08-29 15:29:37,641 [INFO] Epoch: 1 | Batch: 550/606 | Loss: 0.7311 | Acc: 73.50%
2025-08-29 15:30:06,993 [INFO] Epoch: 1 | Batch: 600/606 | Loss: 0.4248 | Acc: 74.41%
2025-08-29 15:30:09,319 [INFO] Epoch 1 completed. Average Loss: 0.7408, Accuracy: 74.49%
2025-08-29 15:33:25,069 [INFO] Validation Epoch 1 completed. Average Loss: 0.8098, Accuracy: 70.77%, F1 Score: 0.71
2025-08-29 15:33:25,070 [INFO] New best validation accuracy: 70.77%! Saving model...
2025-08-29 15:33:25,420 [INFO] Current learning rate: 0.0001
2025-08-29 15:33:25,421 [INFO] 
--- Epoch 2/10 ---
2025-08-29 15:33:29,432 [INFO] Epoch: 2 | Batch: 0/606 | Loss: 0.4673 | Acc: 87.50%
2025-08-29 15:33:58,374 [INFO] Epoch: 2 | Batch: 50/606 | Loss: 0.6123 | Acc: 85.11%
2025-08-29 15:34:28,443 [INFO] Epoch: 2 | Batch: 100/606 | Loss: 0.4939 | Acc: 85.12%
2025-08-29 15:34:58,121 [INFO] Epoch: 2 | Batch: 150/606 | Loss: 0.4279 | Acc: 85.51%
2025-08-29 15:35:27,920 [INFO] Epoch: 2 | Batch: 200/606 | Loss: 0.6794 | Acc: 85.42%
2025-08-29 15:35:57,653 [INFO] Epoch: 2 | Batch: 250/606 | Loss: 0.6268 | Acc: 85.76%
2025-08-29 15:36:28,630 [INFO] Epoch: 2 | Batch: 300/606 | Loss: 0.4111 | Acc: 85.85%
2025-08-29 15:36:58,825 [INFO] Epoch: 2 | Batch: 350/606 | Loss: 0.5318 | Acc: 86.03%
2025-08-29 15:37:28,933 [INFO] Epoch: 2 | Batch: 400/606 | Loss: 0.4479 | Acc: 86.26%
2025-08-29 15:37:59,108 [INFO] Epoch: 2 | Batch: 450/606 | Loss: 0.2862 | Acc: 86.35%
2025-08-29 15:38:28,934 [INFO] Epoch: 2 | Batch: 500/606 | Loss: 0.2346 | Acc: 86.53%
2025-08-29 15:38:58,189 [INFO] Epoch: 2 | Batch: 550/606 | Loss: 0.3665 | Acc: 86.58%
2025-08-29 15:39:27,885 [INFO] Epoch: 2 | Batch: 600/606 | Loss: 0.3632 | Acc: 86.74%
2025-08-29 15:39:30,257 [INFO] Epoch 2 completed. Average Loss: 0.4134, Accuracy: 86.75%
2025-08-29 15:42:48,239 [INFO] Validation Epoch 2 completed. Average Loss: 0.7418, Accuracy: 73.48%, F1 Score: 0.74
2025-08-29 15:42:48,241 [INFO] New best validation accuracy: 73.48%! Saving model...
2025-08-29 15:42:48,697 [INFO] Current learning rate: 0.0001
2025-08-29 15:42:48,698 [INFO] 
--- Epoch 3/10 ---
2025-08-29 15:42:52,479 [INFO] Epoch: 3 | Batch: 0/606 | Loss: 0.3484 | Acc: 90.62%
2025-08-29 15:43:22,676 [INFO] Epoch: 3 | Batch: 50/606 | Loss: 0.3307 | Acc: 90.13%
2025-08-29 15:43:53,102 [INFO] Epoch: 3 | Batch: 100/606 | Loss: 0.3170 | Acc: 90.32%
2025-08-29 15:44:24,107 [INFO] Epoch: 3 | Batch: 150/606 | Loss: 0.4451 | Acc: 90.17%
2025-08-29 15:44:54,376 [INFO] Epoch: 3 | Batch: 200/606 | Loss: 0.3624 | Acc: 90.05%
2025-08-29 15:45:24,795 [INFO] Epoch: 3 | Batch: 250/606 | Loss: 0.3234 | Acc: 90.13%
2025-08-29 15:45:56,154 [INFO] Epoch: 3 | Batch: 300/606 | Loss: 0.2754 | Acc: 90.23%
2025-08-29 15:46:26,461 [INFO] Epoch: 3 | Batch: 350/606 | Loss: 0.3702 | Acc: 90.12%
2025-08-29 15:46:56,206 [INFO] Epoch: 3 | Batch: 400/606 | Loss: 0.2102 | Acc: 90.05%
2025-08-29 15:47:26,257 [INFO] Epoch: 3 | Batch: 450/606 | Loss: 0.2536 | Acc: 90.06%
2025-08-29 15:47:55,761 [INFO] Epoch: 3 | Batch: 500/606 | Loss: 0.2499 | Acc: 90.08%
2025-08-29 15:48:25,300 [INFO] Epoch: 3 | Batch: 550/606 | Loss: 0.1917 | Acc: 90.21%
2025-08-29 15:48:55,021 [INFO] Epoch: 3 | Batch: 600/606 | Loss: 0.2635 | Acc: 90.29%
2025-08-29 15:48:57,373 [INFO] Epoch 3 completed. Average Loss: 0.3107, Accuracy: 90.29%
2025-08-29 15:52:16,318 [INFO] Validation Epoch 3 completed. Average Loss: 0.7590, Accuracy: 72.75%, F1 Score: 0.73
2025-08-29 15:52:16,507 [INFO] Current learning rate: 0.0001
2025-08-29 15:52:16,508 [INFO] 
--- Epoch 4/10 ---
2025-08-29 15:52:19,924 [INFO] Epoch: 4 | Batch: 0/606 | Loss: 0.1664 | Acc: 93.75%
2025-08-29 15:52:49,743 [INFO] Epoch: 4 | Batch: 50/606 | Loss: 0.1712 | Acc: 91.54%
2025-08-29 15:53:18,975 [INFO] Epoch: 4 | Batch: 100/606 | Loss: 0.3069 | Acc: 91.86%
2025-08-29 15:53:49,217 [INFO] Epoch: 4 | Batch: 150/606 | Loss: 0.2278 | Acc: 91.83%
2025-08-29 15:54:18,187 [INFO] Epoch: 4 | Batch: 200/606 | Loss: 0.3073 | Acc: 92.06%
2025-08-29 15:54:48,094 [INFO] Epoch: 4 | Batch: 250/606 | Loss: 0.1664 | Acc: 92.19%
2025-08-29 15:55:17,947 [INFO] Epoch: 4 | Batch: 300/606 | Loss: 0.2766 | Acc: 92.22%
2025-08-29 15:55:47,672 [INFO] Epoch: 4 | Batch: 350/606 | Loss: 0.3001 | Acc: 92.16%
2025-08-29 15:56:17,417 [INFO] Epoch: 4 | Batch: 400/606 | Loss: 0.2019 | Acc: 92.19%
2025-08-29 15:56:47,456 [INFO] Epoch: 4 | Batch: 450/606 | Loss: 0.1676 | Acc: 92.26%
2025-08-29 15:57:17,452 [INFO] Epoch: 4 | Batch: 500/606 | Loss: 0.3546 | Acc: 92.30%
2025-08-29 15:57:48,438 [INFO] Epoch: 4 | Batch: 550/606 | Loss: 0.3415 | Acc: 92.38%
2025-08-29 15:58:18,249 [INFO] Epoch: 4 | Batch: 600/606 | Loss: 0.1734 | Acc: 92.42%
2025-08-29 15:58:20,598 [INFO] Epoch 4 completed. Average Loss: 0.2510, Accuracy: 92.43%
2025-08-29 16:01:37,457 [INFO] Validation Epoch 4 completed. Average Loss: 0.7590, Accuracy: 73.98%, F1 Score: 0.74
2025-08-29 16:01:37,459 [INFO] New best validation accuracy: 73.98%! Saving model...
2025-08-29 16:01:37,921 [INFO] Current learning rate: 0.0001
2025-08-29 16:01:37,922 [INFO] 
--- Epoch 5/10 ---
2025-08-29 16:01:41,744 [INFO] Epoch: 5 | Batch: 0/606 | Loss: 0.3180 | Acc: 93.75%
2025-08-29 16:02:12,413 [INFO] Epoch: 5 | Batch: 50/606 | Loss: 0.2199 | Acc: 94.30%
2025-08-29 16:02:42,604 [INFO] Epoch: 5 | Batch: 100/606 | Loss: 0.1769 | Acc: 93.66%
2025-08-29 16:03:13,535 [INFO] Epoch: 5 | Batch: 150/606 | Loss: 0.5071 | Acc: 93.71%
2025-08-29 16:03:44,378 [INFO] Epoch: 5 | Batch: 200/606 | Loss: 0.1481 | Acc: 94.03%
2025-08-29 16:04:14,472 [INFO] Epoch: 5 | Batch: 250/606 | Loss: 0.0944 | Acc: 93.86%
2025-08-29 16:04:44,254 [INFO] Epoch: 5 | Batch: 300/606 | Loss: 0.1602 | Acc: 93.74%
2025-08-29 16:05:13,960 [INFO] Epoch: 5 | Batch: 350/606 | Loss: 0.1981 | Acc: 93.75%
2025-08-29 16:05:44,612 [INFO] Epoch: 5 | Batch: 400/606 | Loss: 0.1463 | Acc: 93.75%
2025-08-29 16:06:13,959 [INFO] Epoch: 5 | Batch: 450/606 | Loss: 0.1324 | Acc: 93.74%
2025-08-29 16:06:43,710 [INFO] Epoch: 5 | Batch: 500/606 | Loss: 0.2104 | Acc: 93.74%
2025-08-29 16:07:13,460 [INFO] Epoch: 5 | Batch: 550/606 | Loss: 0.2695 | Acc: 93.63%
2025-08-29 16:07:43,397 [INFO] Epoch: 5 | Batch: 600/606 | Loss: 0.1906 | Acc: 93.58%
2025-08-29 16:07:45,718 [INFO] Epoch 5 completed. Average Loss: 0.2082, Accuracy: 93.57%
2025-08-29 16:11:01,222 [INFO] Validation Epoch 5 completed. Average Loss: 0.7647, Accuracy: 73.54%, F1 Score: 0.73
2025-08-29 16:11:01,405 [INFO] Current learning rate: 0.0001
2025-08-29 16:11:01,406 [INFO] 
--- Epoch 6/10 ---
2025-08-29 16:11:05,068 [INFO] Epoch: 6 | Batch: 0/606 | Loss: 0.1597 | Acc: 93.75%
2025-08-29 16:11:35,598 [INFO] Epoch: 6 | Batch: 50/606 | Loss: 0.2027 | Acc: 94.06%
2025-08-29 16:12:05,342 [INFO] Epoch: 6 | Batch: 100/606 | Loss: 0.1231 | Acc: 94.12%
2025-08-29 16:12:35,629 [INFO] Epoch: 6 | Batch: 150/606 | Loss: 0.3248 | Acc: 93.89%
2025-08-29 16:13:06,304 [INFO] Epoch: 6 | Batch: 200/606 | Loss: 0.0750 | Acc: 94.17%
2025-08-29 16:13:36,639 [INFO] Epoch: 6 | Batch: 250/606 | Loss: 0.1583 | Acc: 94.12%
2025-08-29 16:14:08,115 [INFO] Epoch: 6 | Batch: 300/606 | Loss: 0.1983 | Acc: 94.15%
2025-08-29 16:14:38,404 [INFO] Epoch: 6 | Batch: 350/606 | Loss: 0.2282 | Acc: 94.19%
2025-08-29 16:15:08,600 [INFO] Epoch: 6 | Batch: 400/606 | Loss: 0.2537 | Acc: 94.18%
